<!DOCTYPE html>
<html>
<head>
<meta http-equiv="Content-Type" content="text/html; charset=utf-8"/>
<meta http-equiv="x-ua-compatible" content="IE=edge"/>
<title>Test results - Class elide.runtime.gvm.internals.intrinsics.js.base64.JsBase64IntrinsicTest</title>
<link href="../css/base-style.css" rel="stylesheet" type="text/css"/>
<link href="../css/style.css" rel="stylesheet" type="text/css"/>
<script src="../js/report.js" type="text/javascript"></script>
</head>
<body>
<div id="content">
<h1>Class elide.runtime.gvm.internals.intrinsics.js.base64.JsBase64IntrinsicTest</h1>
<div class="breadcrumbs">
<a href="../index.html">all</a> &gt; 
<a href="../packages/elide.runtime.gvm.internals.intrinsics.js.base64.html">elide.runtime.gvm.internals.intrinsics.js.base64</a> &gt; JsBase64IntrinsicTest</div>
<div id="summary">
<table>
<tr>
<td>
<div class="summaryGroup">
<table>
<tr>
<td>
<div class="infoBox" id="tests">
<div class="counter">17</div>
<p>tests</p>
</div>
</td>
<td>
<div class="infoBox" id="failures">
<div class="counter">0</div>
<p>failures</p>
</div>
</td>
<td>
<div class="infoBox" id="ignored">
<div class="counter">0</div>
<p>ignored</p>
</div>
</td>
<td>
<div class="infoBox" id="duration">
<div class="counter">7.872s</div>
<p>duration</p>
</div>
</td>
</tr>
</table>
</div>
</td>
<td>
<div class="infoBox success" id="successRate">
<div class="percent">100%</div>
<p>successful</p>
</div>
</td>
</tr>
</table>
</div>
<div id="tabs">
<ul class="tabLinks">
<li>
<a href="#tab0">Tests</a>
</li>
<li>
<a href="#tab1">Standard output</a>
</li>
<li>
<a href="#tab2">Standard error</a>
</li>
</ul>
<div id="tab0" class="tab">
<h2>Tests</h2>
<table>
<thead>
<tr>
<th>Test</th>
<th>Method name</th>
<th>Duration</th>
<th>Result</th>
</tr>
</thead>
<tr>
<td class="success">[1]</td>
<td class="success">testCodec(String, String, String)[1]</td>
<td class="success">5.352s</td>
<td class="success">passed</td>
</tr>
<tr>
<td class="success">[2]</td>
<td class="success">testCodec(String, String, String)[2]</td>
<td class="success">0.660s</td>
<td class="success">passed</td>
</tr>
<tr>
<td class="success">[3]</td>
<td class="success">testCodec(String, String, String)[3]</td>
<td class="success">0.399s</td>
<td class="success">passed</td>
</tr>
<tr>
<td class="success">[4]</td>
<td class="success">testCodec(String, String, String)[4]</td>
<td class="success">0.155s</td>
<td class="success">passed</td>
</tr>
<tr>
<td class="success">[5]</td>
<td class="success">testCodec(String, String, String)[5]</td>
<td class="success">0.486s</td>
<td class="success">passed</td>
</tr>
<tr>
<td class="success">[6]</td>
<td class="success">testCodec(String, String, String)[6]</td>
<td class="success">0.270s</td>
<td class="success">passed</td>
</tr>
<tr>
<td class="success">[7]</td>
<td class="success">testCodec(String, String, String)[7]</td>
<td class="success">0.195s</td>
<td class="success">passed</td>
</tr>
<tr>
<td class="success">[8]</td>
<td class="success">testCodec(String, String, String)[8]</td>
<td class="success">0.197s</td>
<td class="success">passed</td>
</tr>
<tr>
<td class="success">testDecode()</td>
<td class="success">testDecode()</td>
<td class="success">0.001s</td>
<td class="success">passed</td>
</tr>
<tr>
<td class="success">testEncode()</td>
<td class="success">testEncode()</td>
<td class="success">0.009s</td>
<td class="success">passed</td>
</tr>
<tr>
<td class="success">testEncodeDecode()</td>
<td class="success">testEncodeDecode()</td>
<td class="success">0.001s</td>
<td class="success">passed</td>
</tr>
<tr>
<td class="success">testGuestDecode()</td>
<td class="success">testGuestDecode()</td>
<td class="success">0.030s</td>
<td class="success">passed</td>
</tr>
<tr>
<td class="success">testGuestDecodeStd()</td>
<td class="success">testGuestDecodeStd()</td>
<td class="success">0.031s</td>
<td class="success">passed</td>
</tr>
<tr>
<td class="success">testGuestEncode()</td>
<td class="success">testGuestEncode()</td>
<td class="success">0.018s</td>
<td class="success">passed</td>
</tr>
<tr>
<td class="success">testGuestEncodeStd()</td>
<td class="success">testGuestEncodeStd()</td>
<td class="success">0.027s</td>
<td class="success">passed</td>
</tr>
<tr>
<td class="success">testInjectable()</td>
<td class="success">testInjectable()</td>
<td class="success">0.001s</td>
<td class="success">passed</td>
</tr>
<tr>
<td class="success">testInstall()</td>
<td class="success">testInstall()</td>
<td class="success">0.040s</td>
<td class="success">passed</td>
</tr>
</table>
</div>
<div id="tab1" class="tab">
<h2>Standard output</h2>
<span class="code">
<pre>?[36m16:00:16.866?[0;39m ?[37m[io.micronaut.context.DefaultBeanContext:Test worker]?[0;39m ?[34mINFO ?[0;39m ?[35msample?[0;39m - Reading bootstrap environment configuration
?[36m16:00:23.839?[0;39m ?[37m[elide.runtime.gvm.internals.vfs.EmbeddedGuestVFSImpl:Test worker @coroutine#2]?[0;39m ?[39mDEBUG?[0;39m ?[35msample?[0;39m - VFS: Checking access to path: node_modules, modes: [], linkOptions: [Ljava.nio.file.LinkOption;@155b19ed
?[36m16:00:23.881?[0;39m ?[37m[elide.runtime.gvm.internals.vfs.EmbeddedGuestVFSImpl:Test worker @coroutine#2]?[0;39m ?[39mDEBUG?[0;39m ?[35msample?[0;39m - VFS: Delegating policy check to attached policy
?[36m16:00:23.890?[0;39m ?[37m[elide.runtime.gvm.internals.vfs.EmbeddedGuestVFSImpl:Test worker @coroutine#2]?[0;39m ?[39mDEBUG?[0;39m ?[35msample?[0;39m - VFS: Access check passed: response indicates `ALLOW`
?[36m16:00:26.634?[0;39m ?[37m[elide.runtime.gvm.internals.vfs.EmbeddedGuestVFSImpl:Test worker @coroutine#3]?[0;39m ?[39mDEBUG?[0;39m ?[35msample?[0;39m - VFS: Checking access to path: node_modules, modes: [], linkOptions: [Ljava.nio.file.LinkOption;@1ed49dbf
?[36m16:00:26.635?[0;39m ?[37m[elide.runtime.gvm.internals.vfs.EmbeddedGuestVFSImpl:Test worker @coroutine#3]?[0;39m ?[39mDEBUG?[0;39m ?[35msample?[0;39m - VFS: Delegating policy check to attached policy
?[36m16:00:26.635?[0;39m ?[37m[elide.runtime.gvm.internals.vfs.EmbeddedGuestVFSImpl:Test worker @coroutine#3]?[0;39m ?[39mDEBUG?[0;39m ?[35msample?[0;39m - VFS: Access check passed: response indicates `ALLOW`
?[36m16:00:26.738?[0;39m ?[37m[elide.runtime.gvm.internals.vfs.EmbeddedGuestVFSImpl:Test worker @coroutine#4]?[0;39m ?[39mDEBUG?[0;39m ?[35msample?[0;39m - VFS: Checking access to path: node_modules, modes: [], linkOptions: [Ljava.nio.file.LinkOption;@743a4db6
?[36m16:00:26.738?[0;39m ?[37m[elide.runtime.gvm.internals.vfs.EmbeddedGuestVFSImpl:Test worker @coroutine#4]?[0;39m ?[39mDEBUG?[0;39m ?[35msample?[0;39m - VFS: Delegating policy check to attached policy
?[36m16:00:26.738?[0;39m ?[37m[elide.runtime.gvm.internals.vfs.EmbeddedGuestVFSImpl:Test worker @coroutine#4]?[0;39m ?[39mDEBUG?[0;39m ?[35msample?[0;39m - VFS: Access check passed: response indicates `ALLOW`
?[36m16:00:26.816?[0;39m ?[37m[elide.runtime.gvm.internals.vfs.EmbeddedGuestVFSImpl:Test worker @coroutine#5]?[0;39m ?[39mDEBUG?[0;39m ?[35msample?[0;39m - VFS: Checking access to path: node_modules, modes: [], linkOptions: [Ljava.nio.file.LinkOption;@eeb8257
?[36m16:00:26.816?[0;39m ?[37m[elide.runtime.gvm.internals.vfs.EmbeddedGuestVFSImpl:Test worker @coroutine#5]?[0;39m ?[39mDEBUG?[0;39m ?[35msample?[0;39m - VFS: Delegating policy check to attached policy
?[36m16:00:26.816?[0;39m ?[37m[elide.runtime.gvm.internals.vfs.EmbeddedGuestVFSImpl:Test worker @coroutine#5]?[0;39m ?[39mDEBUG?[0;39m ?[35msample?[0;39m - VFS: Access check passed: response indicates `ALLOW`
?[36m16:00:26.879?[0;39m ?[37m[elide.runtime.gvm.internals.vfs.EmbeddedGuestVFSImpl:Test worker @coroutine#6]?[0;39m ?[39mDEBUG?[0;39m ?[35msample?[0;39m - VFS: Checking access to path: node_modules, modes: [], linkOptions: [Ljava.nio.file.LinkOption;@67bc5e0d
?[36m16:00:26.879?[0;39m ?[37m[elide.runtime.gvm.internals.vfs.EmbeddedGuestVFSImpl:Test worker @coroutine#6]?[0;39m ?[39mDEBUG?[0;39m ?[35msample?[0;39m - VFS: Delegating policy check to attached policy
?[36m16:00:26.879?[0;39m ?[37m[elide.runtime.gvm.internals.vfs.EmbeddedGuestVFSImpl:Test worker @coroutine#6]?[0;39m ?[39mDEBUG?[0;39m ?[35msample?[0;39m - VFS: Access check passed: response indicates `ALLOW`
?[36m16:00:27.008?[0;39m ?[37m[elide.runtime.gvm.internals.vfs.EmbeddedGuestVFSImpl:Test worker @coroutine#7]?[0;39m ?[39mDEBUG?[0;39m ?[35msample?[0;39m - VFS: Checking access to path: node_modules, modes: [], linkOptions: [Ljava.nio.file.LinkOption;@cfdc3c
?[36m16:00:27.008?[0;39m ?[37m[elide.runtime.gvm.internals.vfs.EmbeddedGuestVFSImpl:Test worker @coroutine#7]?[0;39m ?[39mDEBUG?[0;39m ?[35msample?[0;39m - VFS: Delegating policy check to attached policy
?[36m16:00:27.008?[0;39m ?[37m[elide.runtime.gvm.internals.vfs.EmbeddedGuestVFSImpl:Test worker @coroutine#7]?[0;39m ?[39mDEBUG?[0;39m ?[35msample?[0;39m - VFS: Access check passed: response indicates `ALLOW`
?[36m16:00:27.223?[0;39m ?[37m[elide.runtime.gvm.internals.vfs.EmbeddedGuestVFSImpl:Test worker @coroutine#8]?[0;39m ?[39mDEBUG?[0;39m ?[35msample?[0;39m - VFS: Checking access to path: node_modules, modes: [], linkOptions: [Ljava.nio.file.LinkOption;@466f4da3
?[36m16:00:27.223?[0;39m ?[37m[elide.runtime.gvm.internals.vfs.EmbeddedGuestVFSImpl:Test worker @coroutine#8]?[0;39m ?[39mDEBUG?[0;39m ?[35msample?[0;39m - VFS: Delegating policy check to attached policy
?[36m16:00:27.231?[0;39m ?[37m[elide.runtime.gvm.internals.vfs.EmbeddedGuestVFSImpl:Test worker @coroutine#8]?[0;39m ?[39mDEBUG?[0;39m ?[35msample?[0;39m - VFS: Access check passed: response indicates `ALLOW`
?[36m16:00:27.330?[0;39m ?[37m[elide.runtime.gvm.internals.vfs.EmbeddedGuestVFSImpl:Test worker @coroutine#9]?[0;39m ?[39mDEBUG?[0;39m ?[35msample?[0;39m - VFS: Checking access to path: node_modules, modes: [], linkOptions: [Ljava.nio.file.LinkOption;@3b1dd5a9
?[36m16:00:27.330?[0;39m ?[37m[elide.runtime.gvm.internals.vfs.EmbeddedGuestVFSImpl:Test worker @coroutine#9]?[0;39m ?[39mDEBUG?[0;39m ?[35msample?[0;39m - VFS: Delegating policy check to attached policy
?[36m16:00:27.330?[0;39m ?[37m[elide.runtime.gvm.internals.vfs.EmbeddedGuestVFSImpl:Test worker @coroutine#9]?[0;39m ?[39mDEBUG?[0;39m ?[35msample?[0;39m - VFS: Access check passed: response indicates `ALLOW`
?[36m16:00:27.382?[0;39m ?[37m[elide.runtime.gvm.internals.vfs.EmbeddedGuestVFSImpl:Test worker @coroutine#10]?[0;39m ?[39mDEBUG?[0;39m ?[35msample?[0;39m - VFS: Checking access to path: node_modules, modes: [], linkOptions: [Ljava.nio.file.LinkOption;@75b89375
?[36m16:00:27.382?[0;39m ?[37m[elide.runtime.gvm.internals.vfs.EmbeddedGuestVFSImpl:Test worker @coroutine#10]?[0;39m ?[39mDEBUG?[0;39m ?[35msample?[0;39m - VFS: Delegating policy check to attached policy
?[36m16:00:27.382?[0;39m ?[37m[elide.runtime.gvm.internals.vfs.EmbeddedGuestVFSImpl:Test worker @coroutine#10]?[0;39m ?[39mDEBUG?[0;39m ?[35msample?[0;39m - VFS: Access check passed: response indicates `ALLOW`
?[36m16:00:27.413?[0;39m ?[37m[elide.runtime.gvm.internals.vfs.EmbeddedGuestVFSImpl:Test worker @coroutine#11]?[0;39m ?[39mDEBUG?[0;39m ?[35msample?[0;39m - VFS: Checking access to path: node_modules, modes: [], linkOptions: [Ljava.nio.file.LinkOption;@34aa32ff
?[36m16:00:27.414?[0;39m ?[37m[elide.runtime.gvm.internals.vfs.EmbeddedGuestVFSImpl:Test worker @coroutine#11]?[0;39m ?[39mDEBUG?[0;39m ?[35msample?[0;39m - VFS: Delegating policy check to attached policy
?[36m16:00:27.414?[0;39m ?[37m[elide.runtime.gvm.internals.vfs.EmbeddedGuestVFSImpl:Test worker @coroutine#11]?[0;39m ?[39mDEBUG?[0;39m ?[35msample?[0;39m - VFS: Access check passed: response indicates `ALLOW`
?[36m16:00:27.554?[0;39m ?[37m[elide.runtime.gvm.internals.vfs.EmbeddedGuestVFSImpl:Test worker @coroutine#12]?[0;39m ?[39mDEBUG?[0;39m ?[35msample?[0;39m - VFS: Checking access to path: node_modules, modes: [], linkOptions: [Ljava.nio.file.LinkOption;@5d5acd25
?[36m16:00:27.555?[0;39m ?[37m[elide.runtime.gvm.internals.vfs.EmbeddedGuestVFSImpl:Test worker @coroutine#12]?[0;39m ?[39mDEBUG?[0;39m ?[35msample?[0;39m - VFS: Delegating policy check to attached policy
?[36m16:00:27.555?[0;39m ?[37m[elide.runtime.gvm.internals.vfs.EmbeddedGuestVFSImpl:Test worker @coroutine#12]?[0;39m ?[39mDEBUG?[0;39m ?[35msample?[0;39m - VFS: Access check passed: response indicates `ALLOW`
?[36m16:00:27.671?[0;39m ?[37m[elide.runtime.gvm.internals.vfs.EmbeddedGuestVFSImpl:Test worker @coroutine#13]?[0;39m ?[39mDEBUG?[0;39m ?[35msample?[0;39m - VFS: Checking access to path: node_modules, modes: [], linkOptions: [Ljava.nio.file.LinkOption;@19cf2c98
?[36m16:00:27.671?[0;39m ?[37m[elide.runtime.gvm.internals.vfs.EmbeddedGuestVFSImpl:Test worker @coroutine#13]?[0;39m ?[39mDEBUG?[0;39m ?[35msample?[0;39m - VFS: Delegating policy check to attached policy
?[36m16:00:27.671?[0;39m ?[37m[elide.runtime.gvm.internals.vfs.EmbeddedGuestVFSImpl:Test worker @coroutine#13]?[0;39m ?[39mDEBUG?[0;39m ?[35msample?[0;39m - VFS: Access check passed: response indicates `ALLOW`
?[36m16:00:27.797?[0;39m ?[37m[elide.runtime.gvm.internals.vfs.EmbeddedGuestVFSImpl:Test worker @coroutine#14]?[0;39m ?[39mDEBUG?[0;39m ?[35msample?[0;39m - VFS: Checking access to path: node_modules, modes: [], linkOptions: [Ljava.nio.file.LinkOption;@21642a4d
?[36m16:00:27.797?[0;39m ?[37m[elide.runtime.gvm.internals.vfs.EmbeddedGuestVFSImpl:Test worker @coroutine#14]?[0;39m ?[39mDEBUG?[0;39m ?[35msample?[0;39m - VFS: Delegating policy check to attached policy
?[36m16:00:27.805?[0;39m ?[37m[elide.runtime.gvm.internals.vfs.EmbeddedGuestVFSImpl:Test worker @coroutine#14]?[0;39m ?[39mDEBUG?[0;39m ?[35msample?[0;39m - VFS: Access check passed: response indicates `ALLOW`
?[36m16:00:27.867?[0;39m ?[37m[elide.runtime.gvm.internals.vfs.EmbeddedGuestVFSImpl:Test worker @coroutine#15]?[0;39m ?[39mDEBUG?[0;39m ?[35msample?[0;39m - VFS: Checking access to path: node_modules, modes: [], linkOptions: [Ljava.nio.file.LinkOption;@11ee4187
?[36m16:00:27.868?[0;39m ?[37m[elide.runtime.gvm.internals.vfs.EmbeddedGuestVFSImpl:Test worker @coroutine#15]?[0;39m ?[39mDEBUG?[0;39m ?[35msample?[0;39m - VFS: Delegating policy check to attached policy
?[36m16:00:27.868?[0;39m ?[37m[elide.runtime.gvm.internals.vfs.EmbeddedGuestVFSImpl:Test worker @coroutine#15]?[0;39m ?[39mDEBUG?[0;39m ?[35msample?[0;39m - VFS: Access check passed: response indicates `ALLOW`
?[36m16:00:27.924?[0;39m ?[37m[elide.runtime.gvm.internals.vfs.EmbeddedGuestVFSImpl:Test worker @coroutine#16]?[0;39m ?[39mDEBUG?[0;39m ?[35msample?[0;39m - VFS: Checking access to path: node_modules, modes: [], linkOptions: [Ljava.nio.file.LinkOption;@18d37069
?[36m16:00:27.928?[0;39m ?[37m[elide.runtime.gvm.internals.vfs.EmbeddedGuestVFSImpl:Test worker @coroutine#16]?[0;39m ?[39mDEBUG?[0;39m ?[35msample?[0;39m - VFS: Delegating policy check to attached policy
?[36m16:00:27.928?[0;39m ?[37m[elide.runtime.gvm.internals.vfs.EmbeddedGuestVFSImpl:Test worker @coroutine#16]?[0;39m ?[39mDEBUG?[0;39m ?[35msample?[0;39m - VFS: Access check passed: response indicates `ALLOW`
?[36m16:00:27.987?[0;39m ?[37m[elide.runtime.gvm.internals.vfs.EmbeddedGuestVFSImpl:Test worker @coroutine#17]?[0;39m ?[39mDEBUG?[0;39m ?[35msample?[0;39m - VFS: Checking access to path: node_modules, modes: [], linkOptions: [Ljava.nio.file.LinkOption;@14b6c89e
?[36m16:00:27.987?[0;39m ?[37m[elide.runtime.gvm.internals.vfs.EmbeddedGuestVFSImpl:Test worker @coroutine#17]?[0;39m ?[39mDEBUG?[0;39m ?[35msample?[0;39m - VFS: Delegating policy check to attached policy
?[36m16:00:27.987?[0;39m ?[37m[elide.runtime.gvm.internals.vfs.EmbeddedGuestVFSImpl:Test worker @coroutine#17]?[0;39m ?[39mDEBUG?[0;39m ?[35msample?[0;39m - VFS: Access check passed: response indicates `ALLOW`
?[36m16:00:28.061?[0;39m ?[37m[elide.runtime.gvm.internals.vfs.EmbeddedGuestVFSImpl:Test worker @coroutine#18]?[0;39m ?[39mDEBUG?[0;39m ?[35msample?[0;39m - VFS: Checking access to path: node_modules, modes: [], linkOptions: [Ljava.nio.file.LinkOption;@ddb3f9b
?[36m16:00:28.062?[0;39m ?[37m[elide.runtime.gvm.internals.vfs.EmbeddedGuestVFSImpl:Test worker @coroutine#18]?[0;39m ?[39mDEBUG?[0;39m ?[35msample?[0;39m - VFS: Delegating policy check to attached policy
?[36m16:00:28.067?[0;39m ?[37m[elide.runtime.gvm.internals.vfs.EmbeddedGuestVFSImpl:Test worker @coroutine#18]?[0;39m ?[39mDEBUG?[0;39m ?[35msample?[0;39m - VFS: Access check passed: response indicates `ALLOW`
?[36m16:00:28.100?[0;39m ?[37m[elide.runtime.gvm.internals.vfs.EmbeddedGuestVFSImpl:Test worker @coroutine#19]?[0;39m ?[39mDEBUG?[0;39m ?[35msample?[0;39m - VFS: Checking access to path: node_modules, modes: [], linkOptions: [Ljava.nio.file.LinkOption;@595e817f
?[36m16:00:28.100?[0;39m ?[37m[elide.runtime.gvm.internals.vfs.EmbeddedGuestVFSImpl:Test worker @coroutine#19]?[0;39m ?[39mDEBUG?[0;39m ?[35msample?[0;39m - VFS: Delegating policy check to attached policy
?[36m16:00:28.100?[0;39m ?[37m[elide.runtime.gvm.internals.vfs.EmbeddedGuestVFSImpl:Test worker @coroutine#19]?[0;39m ?[39mDEBUG?[0;39m ?[35msample?[0;39m - VFS: Access check passed: response indicates `ALLOW`
?[36m16:00:28.159?[0;39m ?[37m[elide.runtime.gvm.internals.vfs.EmbeddedGuestVFSImpl:Test worker @coroutine#20]?[0;39m ?[39mDEBUG?[0;39m ?[35msample?[0;39m - VFS: Checking access to path: node_modules, modes: [], linkOptions: [Ljava.nio.file.LinkOption;@2921eee5
?[36m16:00:28.159?[0;39m ?[37m[elide.runtime.gvm.internals.vfs.EmbeddedGuestVFSImpl:Test worker @coroutine#20]?[0;39m ?[39mDEBUG?[0;39m ?[35msample?[0;39m - VFS: Delegating policy check to attached policy
?[36m16:00:28.159?[0;39m ?[37m[elide.runtime.gvm.internals.vfs.EmbeddedGuestVFSImpl:Test worker @coroutine#20]?[0;39m ?[39mDEBUG?[0;39m ?[35msample?[0;39m - VFS: Access check passed: response indicates `ALLOW`
?[36m16:00:28.192?[0;39m ?[37m[elide.runtime.gvm.internals.vfs.EmbeddedGuestVFSImpl:Test worker @coroutine#21]?[0;39m ?[39mDEBUG?[0;39m ?[35msample?[0;39m - VFS: Checking access to path: node_modules, modes: [], linkOptions: [Ljava.nio.file.LinkOption;@1fef1bb5
?[36m16:00:28.192?[0;39m ?[37m[elide.runtime.gvm.internals.vfs.EmbeddedGuestVFSImpl:Test worker @coroutine#21]?[0;39m ?[39mDEBUG?[0;39m ?[35msample?[0;39m - VFS: Delegating policy check to attached policy
?[36m16:00:28.192?[0;39m ?[37m[elide.runtime.gvm.internals.vfs.EmbeddedGuestVFSImpl:Test worker @coroutine#21]?[0;39m ?[39mDEBUG?[0;39m ?[35msample?[0;39m - VFS: Access check passed: response indicates `ALLOW`
?[36m16:00:28.219?[0;39m ?[37m[elide.runtime.gvm.internals.vfs.EmbeddedGuestVFSImpl:Test worker @coroutine#22]?[0;39m ?[39mDEBUG?[0;39m ?[35msample?[0;39m - VFS: Checking access to path: node_modules, modes: [], linkOptions: [Ljava.nio.file.LinkOption;@4e323f8a
?[36m16:00:28.219?[0;39m ?[37m[elide.runtime.gvm.internals.vfs.EmbeddedGuestVFSImpl:Test worker @coroutine#22]?[0;39m ?[39mDEBUG?[0;39m ?[35msample?[0;39m - VFS: Delegating policy check to attached policy
?[36m16:00:28.219?[0;39m ?[37m[elide.runtime.gvm.internals.vfs.EmbeddedGuestVFSImpl:Test worker @coroutine#22]?[0;39m ?[39mDEBUG?[0;39m ?[35msample?[0;39m - VFS: Access check passed: response indicates `ALLOW`
?[36m16:00:28.244?[0;39m ?[37m[elide.runtime.gvm.internals.vfs.EmbeddedGuestVFSImpl:Test worker @coroutine#23]?[0;39m ?[39mDEBUG?[0;39m ?[35msample?[0;39m - VFS: Checking access to path: node_modules, modes: [], linkOptions: [Ljava.nio.file.LinkOption;@63c737dc
?[36m16:00:28.244?[0;39m ?[37m[elide.runtime.gvm.internals.vfs.EmbeddedGuestVFSImpl:Test worker @coroutine#23]?[0;39m ?[39mDEBUG?[0;39m ?[35msample?[0;39m - VFS: Delegating policy check to attached policy
?[36m16:00:28.244?[0;39m ?[37m[elide.runtime.gvm.internals.vfs.EmbeddedGuestVFSImpl:Test worker @coroutine#23]?[0;39m ?[39mDEBUG?[0;39m ?[35msample?[0;39m - VFS: Access check passed: response indicates `ALLOW`
?[36m16:00:28.261?[0;39m ?[37m[elide.runtime.gvm.internals.vfs.EmbeddedGuestVFSImpl:Test worker @coroutine#24]?[0;39m ?[39mDEBUG?[0;39m ?[35msample?[0;39m - VFS: Checking access to path: node_modules, modes: [], linkOptions: [Ljava.nio.file.LinkOption;@34a1bbd2
?[36m16:00:28.261?[0;39m ?[37m[elide.runtime.gvm.internals.vfs.EmbeddedGuestVFSImpl:Test worker @coroutine#24]?[0;39m ?[39mDEBUG?[0;39m ?[35msample?[0;39m - VFS: Delegating policy check to attached policy
?[36m16:00:28.261?[0;39m ?[37m[elide.runtime.gvm.internals.vfs.EmbeddedGuestVFSImpl:Test worker @coroutine#24]?[0;39m ?[39mDEBUG?[0;39m ?[35msample?[0;39m - VFS: Access check passed: response indicates `ALLOW`
?[36m16:00:28.286?[0;39m ?[37m[elide.runtime.gvm.internals.vfs.EmbeddedGuestVFSImpl:Test worker @coroutine#25]?[0;39m ?[39mDEBUG?[0;39m ?[35msample?[0;39m - VFS: Checking access to path: node_modules, modes: [], linkOptions: [Ljava.nio.file.LinkOption;@1609ce87
?[36m16:00:28.286?[0;39m ?[37m[elide.runtime.gvm.internals.vfs.EmbeddedGuestVFSImpl:Test worker @coroutine#25]?[0;39m ?[39mDEBUG?[0;39m ?[35msample?[0;39m - VFS: Delegating policy check to attached policy
?[36m16:00:28.286?[0;39m ?[37m[elide.runtime.gvm.internals.vfs.EmbeddedGuestVFSImpl:Test worker @coroutine#25]?[0;39m ?[39mDEBUG?[0;39m ?[35msample?[0;39m - VFS: Access check passed: response indicates `ALLOW`
?[36m16:00:28.336?[0;39m ?[37m[elide.runtime.gvm.internals.vfs.EmbeddedGuestVFSImpl:Test worker @coroutine#26]?[0;39m ?[39mDEBUG?[0;39m ?[35msample?[0;39m - VFS: Checking access to path: node_modules, modes: [], linkOptions: [Ljava.nio.file.LinkOption;@4091a910
?[36m16:00:28.336?[0;39m ?[37m[elide.runtime.gvm.internals.vfs.EmbeddedGuestVFSImpl:Test worker @coroutine#26]?[0;39m ?[39mDEBUG?[0;39m ?[35msample?[0;39m - VFS: Delegating policy check to attached policy
?[36m16:00:28.336?[0;39m ?[37m[elide.runtime.gvm.internals.vfs.EmbeddedGuestVFSImpl:Test worker @coroutine#26]?[0;39m ?[39mDEBUG?[0;39m ?[35msample?[0;39m - VFS: Access check passed: response indicates `ALLOW`
?[36m16:00:28.413?[0;39m ?[37m[elide.runtime.gvm.internals.vfs.EmbeddedGuestVFSImpl:Test worker @coroutine#27]?[0;39m ?[39mDEBUG?[0;39m ?[35msample?[0;39m - VFS: Checking access to path: node_modules, modes: [], linkOptions: [Ljava.nio.file.LinkOption;@7ee6c531
?[36m16:00:28.414?[0;39m ?[37m[elide.runtime.gvm.internals.vfs.EmbeddedGuestVFSImpl:Test worker @coroutine#27]?[0;39m ?[39mDEBUG?[0;39m ?[35msample?[0;39m - VFS: Delegating policy check to attached policy
?[36m16:00:28.414?[0;39m ?[37m[elide.runtime.gvm.internals.vfs.EmbeddedGuestVFSImpl:Test worker @coroutine#27]?[0;39m ?[39mDEBUG?[0;39m ?[35msample?[0;39m - VFS: Access check passed: response indicates `ALLOW`
?[36m16:00:28.537?[0;39m ?[37m[elide.runtime.gvm.internals.vfs.EmbeddedGuestVFSImpl:Test worker @coroutine#28]?[0;39m ?[39mDEBUG?[0;39m ?[35msample?[0;39m - VFS: Checking access to path: node_modules, modes: [], linkOptions: [Ljava.nio.file.LinkOption;@522ef7ec
?[36m16:00:28.538?[0;39m ?[37m[elide.runtime.gvm.internals.vfs.EmbeddedGuestVFSImpl:Test worker @coroutine#28]?[0;39m ?[39mDEBUG?[0;39m ?[35msample?[0;39m - VFS: Delegating policy check to attached policy
?[36m16:00:28.538?[0;39m ?[37m[elide.runtime.gvm.internals.vfs.EmbeddedGuestVFSImpl:Test worker @coroutine#28]?[0;39m ?[39mDEBUG?[0;39m ?[35msample?[0;39m - VFS: Access check passed: response indicates `ALLOW`
?[36m16:00:28.599?[0;39m ?[37m[elide.runtime.gvm.internals.vfs.EmbeddedGuestVFSImpl:Test worker @coroutine#29]?[0;39m ?[39mDEBUG?[0;39m ?[35msample?[0;39m - VFS: Checking access to path: node_modules, modes: [], linkOptions: [Ljava.nio.file.LinkOption;@fc298f7
?[36m16:00:28.599?[0;39m ?[37m[elide.runtime.gvm.internals.vfs.EmbeddedGuestVFSImpl:Test worker @coroutine#29]?[0;39m ?[39mDEBUG?[0;39m ?[35msample?[0;39m - VFS: Delegating policy check to attached policy
?[36m16:00:28.599?[0;39m ?[37m[elide.runtime.gvm.internals.vfs.EmbeddedGuestVFSImpl:Test worker @coroutine#29]?[0;39m ?[39mDEBUG?[0;39m ?[35msample?[0;39m - VFS: Access check passed: response indicates `ALLOW`
?[36m16:00:28.649?[0;39m ?[37m[elide.runtime.gvm.internals.vfs.EmbeddedGuestVFSImpl:Test worker @coroutine#30]?[0;39m ?[39mDEBUG?[0;39m ?[35msample?[0;39m - VFS: Checking access to path: node_modules, modes: [], linkOptions: [Ljava.nio.file.LinkOption;@7e0f2516
?[36m16:00:28.650?[0;39m ?[37m[elide.runtime.gvm.internals.vfs.EmbeddedGuestVFSImpl:Test worker @coroutine#30]?[0;39m ?[39mDEBUG?[0;39m ?[35msample?[0;39m - VFS: Delegating policy check to attached policy
?[36m16:00:28.650?[0;39m ?[37m[elide.runtime.gvm.internals.vfs.EmbeddedGuestVFSImpl:Test worker @coroutine#30]?[0;39m ?[39mDEBUG?[0;39m ?[35msample?[0;39m - VFS: Access check passed: response indicates `ALLOW`
?[36m16:00:28.732?[0;39m ?[37m[elide.runtime.gvm.internals.vfs.EmbeddedGuestVFSImpl:Test worker @coroutine#31]?[0;39m ?[39mDEBUG?[0;39m ?[35msample?[0;39m - VFS: Checking access to path: node_modules, modes: [], linkOptions: [Ljava.nio.file.LinkOption;@3255bf19
?[36m16:00:28.733?[0;39m ?[37m[elide.runtime.gvm.internals.vfs.EmbeddedGuestVFSImpl:Test worker @coroutine#31]?[0;39m ?[39mDEBUG?[0;39m ?[35msample?[0;39m - VFS: Delegating policy check to attached policy
?[36m16:00:28.735?[0;39m ?[37m[elide.runtime.gvm.internals.vfs.EmbeddedGuestVFSImpl:Test worker @coroutine#31]?[0;39m ?[39mDEBUG?[0;39m ?[35msample?[0;39m - VFS: Access check passed: response indicates `ALLOW`
?[36m16:00:28.810?[0;39m ?[37m[elide.runtime.gvm.internals.vfs.EmbeddedGuestVFSImpl:Test worker @coroutine#32]?[0;39m ?[39mDEBUG?[0;39m ?[35msample?[0;39m - VFS: Checking access to path: node_modules, modes: [], linkOptions: [Ljava.nio.file.LinkOption;@4d27e97f
?[36m16:00:28.810?[0;39m ?[37m[elide.runtime.gvm.internals.vfs.EmbeddedGuestVFSImpl:Test worker @coroutine#32]?[0;39m ?[39mDEBUG?[0;39m ?[35msample?[0;39m - VFS: Delegating policy check to attached policy
?[36m16:00:28.810?[0;39m ?[37m[elide.runtime.gvm.internals.vfs.EmbeddedGuestVFSImpl:Test worker @coroutine#32]?[0;39m ?[39mDEBUG?[0;39m ?[35msample?[0;39m - VFS: Access check passed: response indicates `ALLOW`
?[36m16:00:28.870?[0;39m ?[37m[elide.runtime.gvm.internals.vfs.EmbeddedGuestVFSImpl:Test worker @coroutine#33]?[0;39m ?[39mDEBUG?[0;39m ?[35msample?[0;39m - VFS: Checking access to path: node_modules, modes: [], linkOptions: [Ljava.nio.file.LinkOption;@cd46ab1
?[36m16:00:28.871?[0;39m ?[37m[elide.runtime.gvm.internals.vfs.EmbeddedGuestVFSImpl:Test worker @coroutine#33]?[0;39m ?[39mDEBUG?[0;39m ?[35msample?[0;39m - VFS: Delegating policy check to attached policy
?[36m16:00:28.873?[0;39m ?[37m[elide.runtime.gvm.internals.vfs.EmbeddedGuestVFSImpl:Test worker @coroutine#33]?[0;39m ?[39mDEBUG?[0;39m ?[35msample?[0;39m - VFS: Access check passed: response indicates `ALLOW`
?[36m16:00:28.926?[0;39m ?[37m[elide.runtime.gvm.internals.vfs.EmbeddedGuestVFSImpl:Test worker @coroutine#34]?[0;39m ?[39mDEBUG?[0;39m ?[35msample?[0;39m - VFS: Checking access to path: node_modules, modes: [], linkOptions: [Ljava.nio.file.LinkOption;@197bf797
?[36m16:00:28.926?[0;39m ?[37m[elide.runtime.gvm.internals.vfs.EmbeddedGuestVFSImpl:Test worker @coroutine#34]?[0;39m ?[39mDEBUG?[0;39m ?[35msample?[0;39m - VFS: Delegating policy check to attached policy
?[36m16:00:28.926?[0;39m ?[37m[elide.runtime.gvm.internals.vfs.EmbeddedGuestVFSImpl:Test worker @coroutine#34]?[0;39m ?[39mDEBUG?[0;39m ?[35msample?[0;39m - VFS: Access check passed: response indicates `ALLOW`
?[36m16:00:28.996?[0;39m ?[37m[elide.runtime.gvm.internals.vfs.EmbeddedGuestVFSImpl:Test worker @coroutine#35]?[0;39m ?[39mDEBUG?[0;39m ?[35msample?[0;39m - VFS: Checking access to path: node_modules, modes: [], linkOptions: [Ljava.nio.file.LinkOption;@613f4e3d
?[36m16:00:28.996?[0;39m ?[37m[elide.runtime.gvm.internals.vfs.EmbeddedGuestVFSImpl:Test worker @coroutine#35]?[0;39m ?[39mDEBUG?[0;39m ?[35msample?[0;39m - VFS: Delegating policy check to attached policy
?[36m16:00:28.998?[0;39m ?[37m[elide.runtime.gvm.internals.vfs.EmbeddedGuestVFSImpl:Test worker @coroutine#35]?[0;39m ?[39mDEBUG?[0;39m ?[35msample?[0;39m - VFS: Access check passed: response indicates `ALLOW`
?[36m16:00:29.036?[0;39m ?[37m[elide.runtime.gvm.internals.vfs.EmbeddedGuestVFSImpl:Test worker @coroutine#36]?[0;39m ?[39mDEBUG?[0;39m ?[35msample?[0;39m - VFS: Checking access to path: node_modules, modes: [], linkOptions: [Ljava.nio.file.LinkOption;@5a0fbd24
?[36m16:00:29.036?[0;39m ?[37m[elide.runtime.gvm.internals.vfs.EmbeddedGuestVFSImpl:Test worker @coroutine#36]?[0;39m ?[39mDEBUG?[0;39m ?[35msample?[0;39m - VFS: Delegating policy check to attached policy
?[36m16:00:29.036?[0;39m ?[37m[elide.runtime.gvm.internals.vfs.EmbeddedGuestVFSImpl:Test worker @coroutine#36]?[0;39m ?[39mDEBUG?[0;39m ?[35msample?[0;39m - VFS: Access check passed: response indicates `ALLOW`
?[36m16:00:29.059?[0;39m ?[37m[elide.runtime.gvm.internals.vfs.EmbeddedGuestVFSImpl:Test worker @coroutine#37]?[0;39m ?[39mDEBUG?[0;39m ?[35msample?[0;39m - VFS: Checking access to path: node_modules, modes: [], linkOptions: [Ljava.nio.file.LinkOption;@2734d1a1
?[36m16:00:29.059?[0;39m ?[37m[elide.runtime.gvm.internals.vfs.EmbeddedGuestVFSImpl:Test worker @coroutine#37]?[0;39m ?[39mDEBUG?[0;39m ?[35msample?[0;39m - VFS: Delegating policy check to attached policy
?[36m16:00:29.059?[0;39m ?[37m[elide.runtime.gvm.internals.vfs.EmbeddedGuestVFSImpl:Test worker @coroutine#37]?[0;39m ?[39mDEBUG?[0;39m ?[35msample?[0;39m - VFS: Access check passed: response indicates `ALLOW`
?[36m16:00:29.101?[0;39m ?[37m[elide.runtime.gvm.internals.vfs.EmbeddedGuestVFSImpl:Test worker @coroutine#38]?[0;39m ?[39mDEBUG?[0;39m ?[35msample?[0;39m - VFS: Checking access to path: node_modules, modes: [], linkOptions: [Ljava.nio.file.LinkOption;@4844635b
?[36m16:00:29.101?[0;39m ?[37m[elide.runtime.gvm.internals.vfs.EmbeddedGuestVFSImpl:Test worker @coroutine#38]?[0;39m ?[39mDEBUG?[0;39m ?[35msample?[0;39m - VFS: Delegating policy check to attached policy
?[36m16:00:29.101?[0;39m ?[37m[elide.runtime.gvm.internals.vfs.EmbeddedGuestVFSImpl:Test worker @coroutine#38]?[0;39m ?[39mDEBUG?[0;39m ?[35msample?[0;39m - VFS: Access check passed: response indicates `ALLOW`
?[36m16:00:29.130?[0;39m ?[37m[elide.runtime.gvm.internals.vfs.EmbeddedGuestVFSImpl:Test worker @coroutine#39]?[0;39m ?[39mDEBUG?[0;39m ?[35msample?[0;39m - VFS: Checking access to path: node_modules, modes: [], linkOptions: [Ljava.nio.file.LinkOption;@fbf494b
?[36m16:00:29.130?[0;39m ?[37m[elide.runtime.gvm.internals.vfs.EmbeddedGuestVFSImpl:Test worker @coroutine#39]?[0;39m ?[39mDEBUG?[0;39m ?[35msample?[0;39m - VFS: Delegating policy check to attached policy
?[36m16:00:29.130?[0;39m ?[37m[elide.runtime.gvm.internals.vfs.EmbeddedGuestVFSImpl:Test worker @coroutine#39]?[0;39m ?[39mDEBUG?[0;39m ?[35msample?[0;39m - VFS: Access check passed: response indicates `ALLOW`
?[36m16:00:29.149?[0;39m ?[37m[elide.runtime.gvm.internals.vfs.EmbeddedGuestVFSImpl:Test worker @coroutine#40]?[0;39m ?[39mDEBUG?[0;39m ?[35msample?[0;39m - VFS: Checking access to path: node_modules, modes: [], linkOptions: [Ljava.nio.file.LinkOption;@3614d1ae
?[36m16:00:29.150?[0;39m ?[37m[elide.runtime.gvm.internals.vfs.EmbeddedGuestVFSImpl:Test worker @coroutine#40]?[0;39m ?[39mDEBUG?[0;39m ?[35msample?[0;39m - VFS: Delegating policy check to attached policy
?[36m16:00:29.150?[0;39m ?[37m[elide.runtime.gvm.internals.vfs.EmbeddedGuestVFSImpl:Test worker @coroutine#40]?[0;39m ?[39mDEBUG?[0;39m ?[35msample?[0;39m - VFS: Access check passed: response indicates `ALLOW`
?[36m16:00:29.188?[0;39m ?[37m[elide.runtime.gvm.internals.vfs.EmbeddedGuestVFSImpl:Test worker @coroutine#41]?[0;39m ?[39mDEBUG?[0;39m ?[35msample?[0;39m - VFS: Checking access to path: node_modules, modes: [], linkOptions: [Ljava.nio.file.LinkOption;@5bd200e3
?[36m16:00:29.189?[0;39m ?[37m[elide.runtime.gvm.internals.vfs.EmbeddedGuestVFSImpl:Test worker @coroutine#41]?[0;39m ?[39mDEBUG?[0;39m ?[35msample?[0;39m - VFS: Delegating policy check to attached policy
?[36m16:00:29.189?[0;39m ?[37m[elide.runtime.gvm.internals.vfs.EmbeddedGuestVFSImpl:Test worker @coroutine#41]?[0;39m ?[39mDEBUG?[0;39m ?[35msample?[0;39m - VFS: Access check passed: response indicates `ALLOW`
?[36m16:00:29.213?[0;39m ?[37m[elide.runtime.gvm.internals.vfs.EmbeddedGuestVFSImpl:Test worker @coroutine#42]?[0;39m ?[39mDEBUG?[0;39m ?[35msample?[0;39m - VFS: Checking access to path: node_modules, modes: [], linkOptions: [Ljava.nio.file.LinkOption;@4f760e34
?[36m16:00:29.214?[0;39m ?[37m[elide.runtime.gvm.internals.vfs.EmbeddedGuestVFSImpl:Test worker @coroutine#42]?[0;39m ?[39mDEBUG?[0;39m ?[35msample?[0;39m - VFS: Delegating policy check to attached policy
?[36m16:00:29.214?[0;39m ?[37m[elide.runtime.gvm.internals.vfs.EmbeddedGuestVFSImpl:Test worker @coroutine#42]?[0;39m ?[39mDEBUG?[0;39m ?[35msample?[0;39m - VFS: Access check passed: response indicates `ALLOW`
?[36m16:00:29.240?[0;39m ?[37m[elide.runtime.gvm.internals.vfs.EmbeddedGuestVFSImpl:Test worker @coroutine#43]?[0;39m ?[39mDEBUG?[0;39m ?[35msample?[0;39m - VFS: Checking access to path: node_modules, modes: [], linkOptions: [Ljava.nio.file.LinkOption;@16bcd425
?[36m16:00:29.243?[0;39m ?[37m[elide.runtime.gvm.internals.vfs.EmbeddedGuestVFSImpl:Test worker @coroutine#43]?[0;39m ?[39mDEBUG?[0;39m ?[35msample?[0;39m - VFS: Delegating policy check to attached policy
?[36m16:00:29.243?[0;39m ?[37m[elide.runtime.gvm.internals.vfs.EmbeddedGuestVFSImpl:Test worker @coroutine#43]?[0;39m ?[39mDEBUG?[0;39m ?[35msample?[0;39m - VFS: Access check passed: response indicates `ALLOW`
?[36m16:00:29.293?[0;39m ?[37m[elide.runtime.gvm.internals.vfs.EmbeddedGuestVFSImpl:Test worker @coroutine#44]?[0;39m ?[39mDEBUG?[0;39m ?[35msample?[0;39m - VFS: Checking access to path: node_modules, modes: [], linkOptions: [Ljava.nio.file.LinkOption;@6a27db22
?[36m16:00:29.293?[0;39m ?[37m[elide.runtime.gvm.internals.vfs.EmbeddedGuestVFSImpl:Test worker @coroutine#44]?[0;39m ?[39mDEBUG?[0;39m ?[35msample?[0;39m - VFS: Delegating policy check to attached policy
?[36m16:00:29.293?[0;39m ?[37m[elide.runtime.gvm.internals.vfs.EmbeddedGuestVFSImpl:Test worker @coroutine#44]?[0;39m ?[39mDEBUG?[0;39m ?[35msample?[0;39m - VFS: Access check passed: response indicates `ALLOW`
?[36m16:00:29.359?[0;39m ?[37m[elide.runtime.gvm.internals.vfs.EmbeddedGuestVFSImpl:Test worker @coroutine#45]?[0;39m ?[39mDEBUG?[0;39m ?[35msample?[0;39m - VFS: Checking access to path: node_modules, modes: [], linkOptions: [Ljava.nio.file.LinkOption;@28717e3a
?[36m16:00:29.359?[0;39m ?[37m[elide.runtime.gvm.internals.vfs.EmbeddedGuestVFSImpl:Test worker @coroutine#45]?[0;39m ?[39mDEBUG?[0;39m ?[35msample?[0;39m - VFS: Delegating policy check to attached policy
?[36m16:00:29.359?[0;39m ?[37m[elide.runtime.gvm.internals.vfs.EmbeddedGuestVFSImpl:Test worker @coroutine#45]?[0;39m ?[39mDEBUG?[0;39m ?[35msample?[0;39m - VFS: Access check passed: response indicates `ALLOW`
?[36m16:00:29.372?[0;39m ?[37m[elide.runtime.gvm.internals.vfs.EmbeddedGuestVFSImpl:Test worker @coroutine#46]?[0;39m ?[39mDEBUG?[0;39m ?[35msample?[0;39m - VFS: Checking access to path: node_modules, modes: [], linkOptions: [Ljava.nio.file.LinkOption;@4f557d08
?[36m16:00:29.372?[0;39m ?[37m[elide.runtime.gvm.internals.vfs.EmbeddedGuestVFSImpl:Test worker @coroutine#46]?[0;39m ?[39mDEBUG?[0;39m ?[35msample?[0;39m - VFS: Delegating policy check to attached policy
?[36m16:00:29.372?[0;39m ?[37m[elide.runtime.gvm.internals.vfs.EmbeddedGuestVFSImpl:Test worker @coroutine#46]?[0;39m ?[39mDEBUG?[0;39m ?[35msample?[0;39m - VFS: Access check passed: response indicates `ALLOW`
?[36m16:00:29.418?[0;39m ?[37m[elide.runtime.gvm.internals.vfs.EmbeddedGuestVFSImpl:Test worker @coroutine#47]?[0;39m ?[39mDEBUG?[0;39m ?[35msample?[0;39m - VFS: Checking access to path: node_modules, modes: [], linkOptions: [Ljava.nio.file.LinkOption;@535f82a7
?[36m16:00:29.418?[0;39m ?[37m[elide.runtime.gvm.internals.vfs.EmbeddedGuestVFSImpl:Test worker @coroutine#47]?[0;39m ?[39mDEBUG?[0;39m ?[35msample?[0;39m - VFS: Delegating policy check to attached policy
?[36m16:00:29.418?[0;39m ?[37m[elide.runtime.gvm.internals.vfs.EmbeddedGuestVFSImpl:Test worker @coroutine#47]?[0;39m ?[39mDEBUG?[0;39m ?[35msample?[0;39m - VFS: Access check passed: response indicates `ALLOW`
?[36m16:00:29.450?[0;39m ?[37m[elide.runtime.gvm.internals.vfs.EmbeddedGuestVFSImpl:Test worker @coroutine#48]?[0;39m ?[39mDEBUG?[0;39m ?[35msample?[0;39m - VFS: Checking access to path: node_modules, modes: [], linkOptions: [Ljava.nio.file.LinkOption;@7d0cfe27
?[36m16:00:29.450?[0;39m ?[37m[elide.runtime.gvm.internals.vfs.EmbeddedGuestVFSImpl:Test worker @coroutine#48]?[0;39m ?[39mDEBUG?[0;39m ?[35msample?[0;39m - VFS: Delegating policy check to attached policy
?[36m16:00:29.450?[0;39m ?[37m[elide.runtime.gvm.internals.vfs.EmbeddedGuestVFSImpl:Test worker @coroutine#48]?[0;39m ?[39mDEBUG?[0;39m ?[35msample?[0;39m - VFS: Access check passed: response indicates `ALLOW`
?[36m16:00:29.458?[0;39m ?[37m[elide.runtime.gvm.internals.vfs.EmbeddedGuestVFSImpl:Test worker @coroutine#49]?[0;39m ?[39mDEBUG?[0;39m ?[35msample?[0;39m - VFS: Checking access to path: node_modules, modes: [], linkOptions: [Ljava.nio.file.LinkOption;@6ca72898
?[36m16:00:29.458?[0;39m ?[37m[elide.runtime.gvm.internals.vfs.EmbeddedGuestVFSImpl:Test worker @coroutine#49]?[0;39m ?[39mDEBUG?[0;39m ?[35msample?[0;39m - VFS: Delegating policy check to attached policy
?[36m16:00:29.458?[0;39m ?[37m[elide.runtime.gvm.internals.vfs.EmbeddedGuestVFSImpl:Test worker @coroutine#49]?[0;39m ?[39mDEBUG?[0;39m ?[35msample?[0;39m - VFS: Access check passed: response indicates `ALLOW`
?[36m16:00:29.486?[0;39m ?[37m[elide.runtime.gvm.internals.vfs.EmbeddedGuestVFSImpl:Test worker @coroutine#50]?[0;39m ?[39mDEBUG?[0;39m ?[35msample?[0;39m - VFS: Checking access to path: node_modules, modes: [], linkOptions: [Ljava.nio.file.LinkOption;@7d9a0ecf
?[36m16:00:29.486?[0;39m ?[37m[elide.runtime.gvm.internals.vfs.EmbeddedGuestVFSImpl:Test worker @coroutine#50]?[0;39m ?[39mDEBUG?[0;39m ?[35msample?[0;39m - VFS: Delegating policy check to attached policy
?[36m16:00:29.486?[0;39m ?[37m[elide.runtime.gvm.internals.vfs.EmbeddedGuestVFSImpl:Test worker @coroutine#50]?[0;39m ?[39mDEBUG?[0;39m ?[35msample?[0;39m - VFS: Access check passed: response indicates `ALLOW`
?[36m16:00:29.514?[0;39m ?[37m[elide.runtime.gvm.internals.vfs.EmbeddedGuestVFSImpl:Test worker @coroutine#51]?[0;39m ?[39mDEBUG?[0;39m ?[35msample?[0;39m - VFS: Checking access to path: node_modules, modes: [], linkOptions: [Ljava.nio.file.LinkOption;@1be9bac9
?[36m16:00:29.514?[0;39m ?[37m[elide.runtime.gvm.internals.vfs.EmbeddedGuestVFSImpl:Test worker @coroutine#51]?[0;39m ?[39mDEBUG?[0;39m ?[35msample?[0;39m - VFS: Delegating policy check to attached policy
?[36m16:00:29.514?[0;39m ?[37m[elide.runtime.gvm.internals.vfs.EmbeddedGuestVFSImpl:Test worker @coroutine#51]?[0;39m ?[39mDEBUG?[0;39m ?[35msample?[0;39m - VFS: Access check passed: response indicates `ALLOW`
?[36m16:00:29.540?[0;39m ?[37m[elide.runtime.gvm.internals.vfs.EmbeddedGuestVFSImpl:Test worker @coroutine#52]?[0;39m ?[39mDEBUG?[0;39m ?[35msample?[0;39m - VFS: Checking access to path: node_modules, modes: [], linkOptions: [Ljava.nio.file.LinkOption;@67ba122f
?[36m16:00:29.540?[0;39m ?[37m[elide.runtime.gvm.internals.vfs.EmbeddedGuestVFSImpl:Test worker @coroutine#52]?[0;39m ?[39mDEBUG?[0;39m ?[35msample?[0;39m - VFS: Delegating policy check to attached policy
?[36m16:00:29.540?[0;39m ?[37m[elide.runtime.gvm.internals.vfs.EmbeddedGuestVFSImpl:Test worker @coroutine#52]?[0;39m ?[39mDEBUG?[0;39m ?[35msample?[0;39m - VFS: Access check passed: response indicates `ALLOW`
?[36m16:00:29.563?[0;39m ?[37m[elide.runtime.gvm.internals.vfs.EmbeddedGuestVFSImpl:Test worker @coroutine#53]?[0;39m ?[39mDEBUG?[0;39m ?[35msample?[0;39m - VFS: Checking access to path: node_modules, modes: [], linkOptions: [Ljava.nio.file.LinkOption;@6f35a2ad
?[36m16:00:29.564?[0;39m ?[37m[elide.runtime.gvm.internals.vfs.EmbeddedGuestVFSImpl:Test worker @coroutine#53]?[0;39m ?[39mDEBUG?[0;39m ?[35msample?[0;39m - VFS: Delegating policy check to attached policy
?[36m16:00:29.564?[0;39m ?[37m[elide.runtime.gvm.internals.vfs.EmbeddedGuestVFSImpl:Test worker @coroutine#53]?[0;39m ?[39mDEBUG?[0;39m ?[35msample?[0;39m - VFS: Access check passed: response indicates `ALLOW`
</pre>
</span>
</div>
<div id="tab2" class="tab">
<h2>Standard error</h2>
<span class="code">
<pre>[2023.01.15 16:00:19] (Coverage): Error during class instrumentation: com.oracle.truffle.nfi.NFILanguage: java.lang.RuntimeException: java.io.IOException: Class com/oracle/truffle/api/nodes/RootNode not found
[2023.01.15 16:00:19] (Coverage): Error during class instrumentation: com.oracle.truffle.llvm.runtime.LLVMLanguage: java.lang.RuntimeException: java.io.IOException: Class com/oracle/truffle/api/exception/AbstractTruffleException not found
[2023.01.15 16:00:19] (Coverage): Error during class instrumentation: org.graalvm.tools.lsp.instrument.LSPInstrument: java.lang.RuntimeException: java.io.IOException: Class org/graalvm/polyglot/Context not found
[2023.01.15 16:00:21] (Coverage): Error during class instrumentation: com.oracle.truffle.js.runtime.JSRealm: java.lang.RuntimeException: java.io.IOException: Class com/oracle/truffle/api/strings/TruffleString not found
[2023.01.15 16:00:21] (Coverage): Error during class instrumentation: com.oracle.truffle.js.runtime.objects.JSObject: java.lang.RuntimeException: java.io.IOException: Class com/oracle/truffle/api/object/DynamicObject not found
[2023.01.15 16:00:21] (Coverage): Error during class instrumentation: com.oracle.truffle.js.runtime.builtins.JSFunctionObject: java.lang.RuntimeException: java.io.IOException: Class com/oracle/truffle/api/object/DynamicObject not found
[2023.01.15 16:00:21] (Coverage): Error during class instrumentation: com.oracle.truffle.js.runtime.JSException: java.lang.RuntimeException: java.io.IOException: Class com/oracle/truffle/api/object/DynamicObject not found
[2023.01.15 16:00:21] (Coverage): Error during class instrumentation: com.oracle.truffle.js.runtime.GraalJSException: java.lang.RuntimeException: java.io.IOException: Class com/oracle/truffle/api/TruffleStackTraceElement not found
[2023.01.15 16:00:21] (Coverage): Error during class instrumentation: com.oracle.truffle.js.runtime.GraalJSException$JSStackTraceElement: java.lang.RuntimeException: java.io.IOException: Class com/oracle/truffle/api/object/DynamicObject not found
[2023.01.15 16:00:22] (Coverage): Error during class instrumentation: com.oracle.truffle.js.nodes.control.TryCatchNode$GetErrorObjectNode: java.lang.RuntimeException: java.io.IOException: Class com/oracle/truffle/api/object/DynamicObject not found
[2023.01.15 16:00:22] (Coverage): Error during class instrumentation: com.oracle.truffle.js.nodes.control.TryCatchNode: java.lang.RuntimeException: java.io.IOException: Class com/oracle/truffle/api/exception/AbstractTruffleException not found
[2023.01.15 16:00:22] (Coverage): Error during class instrumentation: com.oracle.truffle.js.nodes.JavaScriptNode: java.lang.RuntimeException: java.io.IOException: Class com/oracle/truffle/api/frame/Frame not found
[2023.01.15 16:00:22] (Coverage): Error during class instrumentation: org.graalvm.compiler.truffle.runtime.debug.TraceSplittingListener: java.lang.RuntimeException: java.io.IOException: Class com/oracle/truffle/api/nodes/Node not found
[2023.01.15 16:00:22] (Coverage): Error during class instrumentation: com.oracle.truffle.js.parser.GraalJSEvaluator: java.lang.RuntimeException: java.io.IOException: Class com/oracle/truffle/api/object/DynamicObject not found
[2023.01.15 16:00:22] (Coverage): Error during class instrumentation: com.oracle.truffle.js.parser.GraalJSEvaluator$3: java.lang.RuntimeException: java.io.IOException: Class com/oracle/truffle/api/interop/UnsupportedMessageException not found
[2023.01.15 16:00:22] (Coverage): Error during class instrumentation: com.oracle.truffle.js.runtime.JSContext: java.lang.RuntimeException: java.io.IOException: Class com/oracle/truffle/api/RootCallTarget not found
[2023.01.15 16:00:22] (Coverage): Error during class instrumentation: com.oracle.truffle.js.runtime.builtins.JSPrimitive: java.lang.RuntimeException: java.io.IOException: Class com/oracle/truffle/api/interop/UnknownIdentifierException not found
[2023.01.15 16:00:22] (Coverage): Error during class instrumentation: com.oracle.truffle.js.runtime.builtins.JSRegExp: java.lang.RuntimeException: java.io.IOException: Class com/oracle/truffle/api/object/DynamicObject not found
[2023.01.15 16:00:22] (Coverage): Error during class instrumentation: com.oracle.truffle.js.runtime.builtins.JSDate: java.lang.RuntimeException: java.io.IOException: Class com/oracle/truffle/api/object/DynamicObject not found
[2023.01.15 16:00:22] (Coverage): Error during class instrumentation: com.oracle.truffle.js.runtime.builtins.JSProxy: java.lang.RuntimeException: java.io.IOException: Class com/oracle/truffle/api/object/DynamicObject not found
[2023.01.15 16:00:22] (Coverage): Error during class instrumentation: com.oracle.truffle.js.runtime.builtins.JSArrayBuffer: java.lang.RuntimeException: java.io.IOException: Class com/oracle/truffle/api/object/DynamicObject not found
[2023.01.15 16:00:22] (Coverage): Error during class instrumentation: com.oracle.truffle.js.runtime.builtins.intl.JSDisplayNames: java.lang.RuntimeException: java.io.IOException: Class com/oracle/truffle/api/strings/TruffleString not found
[2023.01.15 16:00:22] (Coverage): Error during class instrumentation: com.oracle.truffle.js.runtime.builtins.wasm.JSWebAssemblyInstance: java.lang.RuntimeException: java.io.IOException: Class com/oracle/truffle/api/object/DynamicObject not found
[2023.01.15 16:00:22] (Coverage): Error during class instrumentation: com.oracle.truffle.js.runtime.builtins.JSFunction: java.lang.RuntimeException: java.io.IOException: Class com/oracle/truffle/api/strings/TruffleString not found
[2023.01.15 16:00:22] (Coverage): Error during class instrumentation: com.oracle.truffle.js.runtime.builtins.JSFunction$BoundConstructNewTargetRootNode: java.lang.RuntimeException: java.io.IOException: Class com/oracle/truffle/api/object/DynamicObject not found
[2023.01.15 16:00:22] (Coverage): Error during class instrumentation: com.oracle.truffle.js.runtime.builtins.JSDictionary: java.lang.RuntimeException: java.io.IOException: Class com/oracle/truffle/api/object/DynamicObject not found
[2023.01.15 16:00:22] (Coverage): Error during class instrumentation: com.oracle.truffle.js.runtime.array.SparseArray: java.lang.RuntimeException: java.io.IOException: Class com/oracle/truffle/api/object/DynamicObject not found
[2023.01.15 16:00:22] (Coverage): Error during class instrumentation: com.oracle.truffle.js.nodes.function.JSNewNode: java.lang.RuntimeException: java.io.IOException: Class com/oracle/truffle/api/interop/ArityException not found
[2023.01.15 16:00:22] (Coverage): Error during class instrumentation: com.oracle.truffle.js.nodes.binary.InstanceofNode: java.lang.RuntimeException: java.io.IOException: Class com/oracle/truffle/api/object/DynamicObject not found
[2023.01.15 16:00:22] (Coverage): Error during class instrumentation: com.oracle.truffle.js.nodes.binary.JSTypeofIdenticalNode: java.lang.RuntimeException: java.io.IOException: Class com/oracle/truffle/api/nodes/Node not found
[2023.01.15 16:00:22] (Coverage): Error during class instrumentation: com.oracle.truffle.js.nodes.function.JSFunctionCallNode: java.lang.RuntimeException: java.io.IOException: Class com/oracle/truffle/api/nodes/Node not found
[2023.01.15 16:00:22] (Coverage): Error during class instrumentation: com.oracle.truffle.js.nodes.access.PropertyNode: java.lang.RuntimeException: java.io.IOException: Class com/oracle/truffle/api/nodes/Node not found
[2023.01.15 16:00:22] (Coverage): Error during class instrumentation: com.oracle.truffle.js.nodes.control.DeletePropertyNode: java.lang.RuntimeException: java.io.IOException: Class com/oracle/truffle/api/interop/UnknownIdentifierException not found
[2023.01.15 16:00:22] (Coverage): Error during class instrumentation: com.oracle.truffle.js.nodes.function.FunctionRootNode: java.lang.RuntimeException: java.io.IOException: Class com/oracle/truffle/api/CallTarget not found
[2023.01.15 16:00:22] (Coverage): Error during class instrumentation: com.oracle.truffle.js.nodes.function.ClassDefinitionNode: java.lang.RuntimeException: java.io.IOException: Class com/oracle/truffle/api/object/HiddenKey not found
[2023.01.15 16:00:22] (Coverage): Error during class instrumentation: com.oracle.truffle.js.nodes.access.IteratorGetNextValueNode: java.lang.RuntimeException: java.io.IOException: Class com/oracle/truffle/api/object/DynamicObject not found
[2023.01.15 16:00:22] (Coverage): Error during class instrumentation: com.oracle.truffle.js.nodes.promise.ImportCallNode: java.lang.RuntimeException: java.io.IOException: Class com/oracle/truffle/api/nodes/RootNode not found
[2023.01.15 16:00:22] (Coverage): Error during class instrumentation: com.oracle.truffle.js.nodes.control.ForNode: java.lang.RuntimeException: java.io.IOException: Class com/oracle/truffle/api/frame/VirtualFrame not found
[2023.01.15 16:00:22] (Coverage): Error during class instrumentation: com.oracle.truffle.js.nodes.access.DeclareGlobalFunctionNode: java.lang.RuntimeException: java.io.IOException: Class com/oracle/truffle/api/object/DynamicObject not found
[2023.01.15 16:00:22] (Coverage): Error during class instrumentation: com.oracle.truffle.js.runtime.Symbol: java.lang.RuntimeException: java.io.IOException: Class com/oracle/truffle/api/strings/TruffleString not found
[2023.01.15 16:00:22] (Coverage): Error during class instrumentation: com.oracle.truffle.js.nodes.ThrowTypeErrorRootNode: java.lang.RuntimeException: java.io.IOException: Class com/oracle/truffle/api/strings/TruffleString not found
[2023.01.15 16:00:22] (Coverage): Error during class instrumentation: com.oracle.truffle.js.nodes.cast.JSToObjectNodeGen: java.lang.RuntimeException: java.io.IOException: Class com/oracle/truffle/api/nodes/Node not found
[2023.01.15 16:00:22] (Coverage): Error during class instrumentation: com.oracle.truffle.js.runtime.objects.JSObjectUtil: java.lang.RuntimeException: java.io.IOException: Class com/oracle/truffle/api/object/DynamicObject not found
[2023.01.15 16:00:22] (Coverage): Error during class instrumentation: com.oracle.truffle.js.runtime.builtins.JSError: java.lang.RuntimeException: java.io.IOException: Class com/oracle/truffle/api/object/DynamicObject not found
[2023.01.15 16:00:22] (Coverage): Error during class instrumentation: com.oracle.truffle.js.runtime.builtins.JSError$1: java.lang.RuntimeException: java.io.IOException: Class com/oracle/truffle/api/object/DynamicObject not found
[2023.01.15 16:00:23] (Coverage): Error during class instrumentation: com.oracle.truffle.js.nodes.promise.BuiltinPromiseRejectionTracker: java.lang.RuntimeException: java.io.IOException: Class com/oracle/truffle/api/interop/UnsupportedMessageException not found
[2023.01.15 16:00:23] (Coverage): Error during class instrumentation: com.oracle.truffle.js.runtime.JSRuntime: java.lang.RuntimeException: java.io.IOException: Class com/oracle/truffle/api/interop/InteropException not found
[2023.01.15 16:00:23] (Coverage): Error during class instrumentation: com.oracle.truffle.js.nodes.function.JSBuiltin: java.lang.RuntimeException: java.io.IOException: Class com/oracle/truffle/api/CallTarget not found
[2023.01.15 16:00:23] (Coverage): Error during class instrumentation: com.oracle.truffle.js.runtime.objects.Accessor: java.lang.RuntimeException: java.io.IOException: Class com/oracle/truffle/api/object/DynamicObject not found
[2023.01.15 16:00:23] (Coverage): Error during class instrumentation: com.oracle.truffle.js.builtins.ConstructorBuiltins: java.lang.RuntimeException: java.io.IOException: Class com/oracle/truffle/api/nodes/Node not found
[2023.01.15 16:00:23] (Coverage): Error during class instrumentation: com.oracle.truffle.js.runtime.util.DefinePropertyUtil: java.lang.RuntimeException: java.io.IOException: Class com/oracle/truffle/api/object/DynamicObject not found
[2023.01.15 16:00:23] (Coverage): Error during class instrumentation: com.oracle.truffle.js.builtins.TypedArrayPrototypeBuiltins: java.lang.RuntimeException: java.io.IOException: Class com/oracle/truffle/api/nodes/Node not found
[2023.01.15 16:00:23] (Coverage): Error during class instrumentation: com.oracle.truffle.js.nodes.access.PropertySetNode: java.lang.RuntimeException: java.io.IOException: Class com/oracle/truffle/api/object/DynamicObject not found
[2023.01.15 16:00:23] (Coverage): Error during class instrumentation: com.oracle.truffle.js.nodes.access.PropertySetNode$ObjectPropertySetNode: java.lang.RuntimeException: java.io.IOException: Class com/oracle/truffle/api/object/IncompatibleLocationException not found
[2023.01.15 16:00:23] (Coverage): Error during class instrumentation: com.oracle.truffle.js.nodes.access.PropertySetNode$ForeignPropertySetNode: java.lang.RuntimeException: java.io.IOException: Class com/oracle/truffle/api/interop/UnsupportedMessageException not found
[2023.01.15 16:00:23] (Coverage): Error during class instrumentation: com.oracle.truffle.js.nodes.access.PropertyGetNode: java.lang.RuntimeException: java.io.IOException: Class com/oracle/truffle/api/object/DynamicObject not found
[2023.01.15 16:00:23] (Coverage): Error during class instrumentation: com.oracle.truffle.js.nodes.binary.InstanceofNodeGen: java.lang.RuntimeException: java.io.IOException: Class com/oracle/truffle/api/object/DynamicObject not found
[2023.01.15 16:00:23] (Coverage): Error during class instrumentation: com.oracle.truffle.js.nodes.unary.IsCallableNodeGen: java.lang.RuntimeException: java.io.IOException: Class com/oracle/truffle/api/object/DynamicObject not found
[2023.01.15 16:00:24] (Coverage): Error during class instrumentation: com.oracle.truffle.js.nodes.interop.KeyInfoNodeGen: java.lang.RuntimeException: java.io.IOException: Class com/oracle/truffle/api/nodes/Node not found
[2023.01.15 16:00:24] (Coverage): Error during class instrumentation: com.oracle.truffle.js.nodes.access.IsExtensibleNodeGen: java.lang.RuntimeException: java.io.IOException: Class com/oracle/truffle/api/object/Shape not found
[2023.01.15 16:00:24] (Coverage): Error during class instrumentation: com.oracle.truffle.js.nodes.access.WriteElementNode$ForeignObjectWriteElementTypeCacheNode: java.lang.RuntimeException: java.io.IOException: Class com/oracle/truffle/api/interop/UnsupportedMessageException not found
[2023.01.15 16:00:24] (Coverage): Error during class instrumentation: com.oracle.truffle.js.nodes.access.IsArrayNodeGen: java.lang.RuntimeException: java.io.IOException: Class com/oracle/truffle/api/object/DynamicObject not found
[2023.01.15 16:00:24] (Coverage): Error during class instrumentation: com.oracle.truffle.js.nodes.access.CachedSetPropertyNodeGen: java.lang.RuntimeException: java.io.IOException: Class com/oracle/truffle/api/nodes/Node not found
[2023.01.15 16:00:24] (Coverage): Error during class instrumentation: com.oracle.truffle.js.nodes.cast.ToArrayIndexNodeGen: java.lang.RuntimeException: java.io.IOException: Class com/oracle/truffle/api/nodes/EncapsulatingNodeReference not found
[2023.01.15 16:00:24] (Coverage): Error during class instrumentation: com.oracle.truffle.js.parser.GraalJSTranslator: java.lang.RuntimeException: java.io.IOException: Class com/oracle/truffle/api/nodes/Node not found
[2023.01.15 16:00:24] (Coverage): Error during class instrumentation: com.oracle.truffle.js.nodes.access.DeclareEvalVariableNode: java.lang.RuntimeException: java.io.IOException: Class com/oracle/truffle/api/object/DynamicObject not found
[2023.01.15 16:00:24] (Coverage): Error during class instrumentation: com.oracle.truffle.js.nodes.function.EvalNode: java.lang.RuntimeException: java.io.IOException: Class com/oracle/truffle/api/object/DynamicObject not found
[2023.01.15 16:00:24] (Coverage): Error during class instrumentation: com.oracle.js.parser.Parser: java.lang.RuntimeException: java.io.IOException: Class com/oracle/truffle/api/strings/TruffleString not found
[2023.01.15 16:00:24] (Coverage): Error during class instrumentation: com.oracle.truffle.js.parser.env.Environment$WrappedVarRef: java.lang.RuntimeException: java.io.IOException: Class com/oracle/truffle/api/nodes/Node not found
[2023.01.15 16:00:24] (Coverage): Error during class instrumentation: com.oracle.truffle.js.nodes.access.ScopeFrameNode$EnclosingFunctionScopeFrameNode: java.lang.RuntimeException: java.io.IOException: Class com/oracle/truffle/api/frame/MaterializedFrame not found
[2023.01.15 16:00:24] (Coverage): Error during class instrumentation: com.oracle.truffle.js.nodes.access.JSWriteFrameSlotNode: java.lang.RuntimeException: java.io.IOException: Class com/oracle/truffle/api/nodes/Node not found
[2023.01.15 16:00:24] (Coverage): Error during class instrumentation: com.oracle.truffle.js.nodes.access.JSWriteCurrentFrameSlotNodeGen: java.lang.RuntimeException: java.io.IOException: Class com/oracle/truffle/api/frame/FrameSlotKind not found
[2023.01.15 16:00:24] (Coverage): Error during class instrumentation: com.oracle.truffle.js.nodes.access.PropertyGetNode$JavaStringMethodGetNode: java.lang.RuntimeException: java.io.IOException: Class com/oracle/truffle/api/interop/UnknownIdentifierException not found
[2023.01.15 16:00:24] (Coverage): Error during class instrumentation: com.oracle.truffle.js.nodes.access.PropertyGetNode$ForeignPropertyGetNode: java.lang.RuntimeException: java.io.IOException: Class com/oracle/truffle/api/interop/UnknownIdentifierException not found
[2023.01.15 16:00:24] (Coverage): Error during class instrumentation: com.oracle.truffle.js.nodes.binary.JSModuloNodeGen: java.lang.RuntimeException: java.io.IOException: Class com/oracle/truffle/api/nodes/Node not found
[2023.01.15 16:00:25] (Coverage): Error during class instrumentation: com.oracle.truffle.js.nodes.binary.JSGreaterThanNodeGen: java.lang.RuntimeException: java.io.IOException: Class com/oracle/truffle/api/nodes/Node not found
[2023.01.15 16:00:25] (Coverage): Error during class instrumentation: com.oracle.truffle.js.nodes.cast.JSToPrimitiveNode: java.lang.RuntimeException: java.io.IOException: Class com/oracle/truffle/api/interop/UnknownIdentifierException not found
[2023.01.15 16:00:25] (Coverage): Error during class instrumentation: com.oracle.truffle.js.parser.env.Environment$3: java.lang.RuntimeException: java.io.IOException: Class com/oracle/truffle/api/nodes/Node not found
[2023.01.15 16:00:25] (Coverage): Error during class instrumentation: com.oracle.truffle.js.nodes.access.GlobalScopeLookupNodeGen: java.lang.RuntimeException: java.io.IOException: Class com/oracle/truffle/api/Assumption not found
[2023.01.15 16:00:25] (Coverage): Error during class instrumentation: com.oracle.truffle.js.nodes.function.JSNewNodeGen: java.lang.RuntimeException: java.io.IOException: Class com/oracle/truffle/api/object/DynamicObject not found
[2023.01.15 16:00:25] (Coverage): Error during class instrumentation: com.oracle.truffle.js.nodes.function.JSFunctionCallNode$ForeignInstantiateNode: java.lang.RuntimeException: java.io.IOException: Class com/oracle/truffle/api/interop/ArityException not found
[2023.01.15 16:00:25] (Coverage): Error during class instrumentation: com.oracle.truffle.js.nodes.function.JSFunctionCallNode$ForeignInvokeNode: java.lang.RuntimeException: java.io.IOException: Class com/oracle/truffle/api/interop/ArityException not found
[2023.01.15 16:00:25] (Coverage): Error during class instrumentation: com.oracle.truffle.js.nodes.function.JSFunctionCallNode$ForeignExecuteNode: java.lang.RuntimeException: java.io.IOException: Class com/oracle/truffle/api/interop/ArityException not found
[2023.01.15 16:00:25] (Coverage): Error during class instrumentation: com.oracle.truffle.js.nodes.function.JSFunctionCallNode$BoundFunctionInstanceCallNode: java.lang.RuntimeException: java.io.IOException: Class com/oracle/truffle/api/object/DynamicObject not found
[2023.01.15 16:00:25] (Coverage): Error during class instrumentation: com.oracle.truffle.js.nodes.function.JSFunctionCallNode$DynamicBoundFunctionCallNode: java.lang.RuntimeException: java.io.IOException: Class com/oracle/truffle/api/object/DynamicObject not found
[2023.01.15 16:00:25] (Coverage): Error during class instrumentation: com.oracle.truffle.js.nodes.function.JSFunctionCallNode$InvokeNode: java.lang.RuntimeException: java.io.IOException: Class com/oracle/truffle/api/nodes/Node not found
[2023.01.15 16:00:25] (Coverage): Error during class instrumentation: com.oracle.truffle.js.nodes.function.JSFunctionCallNode$GenericFallbackCacheNode: java.lang.RuntimeException: java.io.IOException: Class com/oracle/truffle/api/nodes/Node not found
[2023.01.15 16:00:25] (Coverage): Error during class instrumentation: com.oracle.truffle.js.nodes.binary.JSIdenticalNodeGen: java.lang.RuntimeException: java.io.IOException: Class com/oracle/truffle/api/nodes/Node not found
[2023.01.15 16:00:25] (Coverage): Error during class instrumentation: com.oracle.truffle.js.nodes.binary.JSSubtractNodeGen: java.lang.RuntimeException: java.io.IOException: Class com/oracle/truffle/api/nodes/Node not found
[2023.01.15 16:00:25] (Coverage): Error during class instrumentation: com.oracle.truffle.js.nodes.access.ArrayLiteralNode$DefaultArrayLiteralWithSpreadNode: java.lang.RuntimeException: java.io.IOException: Class com/oracle/truffle/api/nodes/Node not found
[2023.01.15 16:00:25] (Coverage): Error during class instrumentation: com.oracle.truffle.js.nodes.access.JSWriteScopeFrameSlotNodeGen: java.lang.RuntimeException: java.io.IOException: Class com/oracle/truffle/api/frame/FrameSlotKind not found
[2023.01.15 16:00:25] (Coverage): Error during class instrumentation: com.oracle.truffle.js.nodes.access.ReadElementNode$ForeignObjectReadElementTypeCacheNode: java.lang.RuntimeException: java.io.IOException: Class com/oracle/truffle/api/interop/UnknownIdentifierException not found
[2023.01.15 16:00:25] (Coverage): Error during class instrumentation: com.oracle.truffle.js.nodes.binary.JSAddNode: java.lang.RuntimeException: java.io.IOException: Class com/oracle/truffle/api/strings/TruffleString not found
[2023.01.15 16:00:25] (Coverage): Error during class instrumentation: com.oracle.truffle.js.nodes.binary.JSAddNodeGen: java.lang.RuntimeException: java.io.IOException: Class com/oracle/truffle/api/strings/TruffleString not found
[2023.01.15 16:00:25] (Coverage): Error during class instrumentation: com.oracle.truffle.js.nodes.binary.JSMultiplyNodeGen: java.lang.RuntimeException: java.io.IOException: Class com/oracle/truffle/api/nodes/Node not found
[2023.01.15 16:00:25] (Coverage): Error during class instrumentation: com.oracle.truffle.js.nodes.binary.JSDivideNodeGen: java.lang.RuntimeException: java.io.IOException: Class com/oracle/truffle/api/nodes/Node not found
[2023.01.15 16:00:25] (Coverage): Error during class instrumentation: com.oracle.truffle.js.nodes.binary.JSLessThanNodeGen: java.lang.RuntimeException: java.io.IOException: Class com/oracle/truffle/api/nodes/Node not found
[2023.01.15 16:00:25] (Coverage): Error during class instrumentation: com.oracle.truffle.js.parser.env.FunctionEnvironment$JumpTargetCloseable: java.lang.RuntimeException: java.io.IOException: Class com/oracle/truffle/api/nodes/Node not found
[2023.01.15 16:00:25] (Coverage): Error during class instrumentation: com.oracle.truffle.js.nodes.binary.JSBitwiseOrNodeGen: java.lang.RuntimeException: java.io.IOException: Class com/oracle/truffle/api/nodes/Node not found
[2023.01.15 16:00:25] (Coverage): Error during class instrumentation: com.oracle.truffle.js.nodes.function.BlockScopeNode$FrameBlockScopeNode: java.lang.RuntimeException: java.io.IOException: Class com/oracle/truffle/api/frame/MaterializedFrame not found
[2023.01.15 16:00:25] (Coverage): Error during class instrumentation: com.oracle.truffle.js.nodes.binary.JSTypeofIdenticalNodeGen: java.lang.RuntimeException: java.io.IOException: Class com/oracle/truffle/api/object/DynamicObject not found
[2023.01.15 16:00:25] (Coverage): Error during class instrumentation: com.oracle.truffle.js.nodes.unary.JSIsNullOrUndefinedNode: java.lang.RuntimeException: java.io.IOException: Class com/oracle/truffle/api/nodes/Node not found
[2023.01.15 16:00:25] (Coverage): Error during class instrumentation: com.oracle.truffle.js.nodes.unary.JSIsNullOrUndefinedNodeGen: java.lang.RuntimeException: java.io.IOException: Class com/oracle/truffle/api/nodes/Node not found
[2023.01.15 16:00:25] (Coverage): Error during class instrumentation: com.oracle.truffle.js.nodes.binary.JSLessOrEqualNodeGen: java.lang.RuntimeException: java.io.IOException: Class com/oracle/truffle/api/nodes/Node not found
[2023.01.15 16:00:25] (Coverage): Error during class instrumentation: com.oracle.truffle.js.nodes.cast.JSToInt32NodeGen: java.lang.RuntimeException: java.io.IOException: Class com/oracle/truffle/api/object/DynamicObject not found
[2023.01.15 16:00:25] (Coverage): Error during class instrumentation: com.oracle.truffle.js.nodes.binary.JSGreaterOrEqualNodeGen: java.lang.RuntimeException: java.io.IOException: Class com/oracle/truffle/api/nodes/Node not found
[2023.01.15 16:00:25] (Coverage): Error during class instrumentation: com.oracle.truffle.js.nodes.binary.JSEqualNodeGen: java.lang.RuntimeException: java.io.IOException: Class com/oracle/truffle/api/object/DynamicObject not found
[2023.01.15 16:00:25] (Coverage): Error during class instrumentation: com.oracle.truffle.js.nodes.binary.JSBitwiseAndNodeGen: java.lang.RuntimeException: java.io.IOException: Class com/oracle/truffle/api/nodes/Node not found
[2023.01.15 16:00:25] (Coverage): Error during class instrumentation: com.oracle.truffle.js.nodes.binary.JSRightShiftNodeGen: java.lang.RuntimeException: java.io.IOException: Class com/oracle/truffle/api/nodes/Node not found
[2023.01.15 16:00:25] (Coverage): Error during class instrumentation: com.oracle.truffle.js.nodes.access.HasPropertyCacheNode: java.lang.RuntimeException: java.io.IOException: Class com/oracle/truffle/api/object/DynamicObject not found
[2023.01.15 16:00:25] (Coverage): Error during class instrumentation: com.oracle.truffle.js.nodes.control.DeletePropertyNodeGen: java.lang.RuntimeException: java.io.IOException: Class com/oracle/truffle/api/strings/TruffleString not found
[2023.01.15 16:00:25] (Coverage): Error during class instrumentation: com.oracle.truffle.js.nodes.access.InitializeInstanceElementsNode: java.lang.RuntimeException: java.io.IOException: Class com/oracle/truffle/api/nodes/Node not found
[2023.01.15 16:00:25] (Coverage): Error during class instrumentation: com.oracle.truffle.js.decorators.DefineMethodPropertyNode: java.lang.RuntimeException: java.io.IOException: Class com/oracle/truffle/api/object/DynamicObject not found
[2023.01.15 16:00:25] (Coverage): Error during class instrumentation: com.oracle.truffle.js.decorators.ApplyDecoratorsToClassDefinitionNode: java.lang.RuntimeException: java.io.IOException: Class com/oracle/truffle/api/object/DynamicObject not found
[2023.01.15 16:00:25] (Coverage): Error during class instrumentation: com.oracle.truffle.js.decorators.ApplyDecoratorsToElementDefinitionNodeGen: java.lang.RuntimeException: java.io.IOException: Class com/oracle/truffle/api/nodes/Node not found
[2023.01.15 16:00:25] (Coverage): Error during class instrumentation: com.oracle.truffle.js.nodes.access.IteratorValueNode: java.lang.RuntimeException: java.io.IOException: Class com/oracle/truffle/api/interop/UnsupportedMessageException not found
[2023.01.15 16:00:25] (Coverage): Error during class instrumentation: com.oracle.truffle.js.nodes.access.IteratorCloseNode: java.lang.RuntimeException: java.io.IOException: Class com/oracle/truffle/api/exception/AbstractTruffleException not found
[2023.01.15 16:00:25] (Coverage): Error during class instrumentation: com.oracle.truffle.js.nodes.control.TryFinallyNode: java.lang.RuntimeException: java.io.IOException: Class com/oracle/truffle/api/exception/AbstractTruffleException not found
[2023.01.15 16:00:25] (Coverage): Error during class instrumentation: com.oracle.truffle.js.nodes.binary.JSLeftShiftNodeGen: java.lang.RuntimeException: java.io.IOException: Class com/oracle/truffle/api/nodes/Node not found
[2023.01.15 16:00:25] (Coverage): Error during class instrumentation: com.oracle.truffle.js.nodes.access.RequireObjectCoercibleNodeGen: java.lang.RuntimeException: java.io.IOException: Class com/oracle/truffle/api/nodes/Node not found
[2023.01.15 16:00:25] (Coverage): Error during class instrumentation: com.oracle.truffle.js.nodes.binary.JSExponentiateNodeGen: java.lang.RuntimeException: java.io.IOException: Class com/oracle/truffle/api/nodes/Node not found
[2023.01.15 16:00:25] (Coverage): Error during class instrumentation: com.oracle.truffle.js.nodes.function.SpecializedNewObjectNode: java.lang.RuntimeException: java.io.IOException: Class com/oracle/truffle/api/object/DynamicObject not found
[2023.01.15 16:00:25] (Coverage): Error during class instrumentation: com.oracle.truffle.js.nodes.function.SpecializedNewObjectNodeGen: java.lang.RuntimeException: java.io.IOException: Class com/oracle/truffle/api/object/DynamicObject not found
[2023.01.15 16:00:25] (Coverage): Error during class instrumentation: com.oracle.truffle.js.nodes.access.EnumerateNodeGen: java.lang.RuntimeException: java.io.IOException: Class com/oracle/truffle/api/object/DynamicObject not found
[2023.01.15 16:00:25] (Coverage): Error during class instrumentation: com.oracle.truffle.js.nodes.access.OptionalChainNode: java.lang.RuntimeException: java.io.IOException: Class com/oracle/truffle/api/object/DynamicObject not found
[2023.01.15 16:00:25] (Coverage): Error during class instrumentation: com.oracle.truffle.js.nodes.interop.ExportValueNodeGen: java.lang.RuntimeException: java.io.IOException: Class com/oracle/truffle/api/interop/TruffleObject not found
[2023.01.15 16:00:25] (Coverage): Error during class instrumentation: com.oracle.truffle.js.nodes.interop.ExportValueNodeGen$Uncached: java.lang.RuntimeException: java.io.IOException: Class com/oracle/truffle/api/interop/TruffleObject not found
[2023.01.15 16:00:25] (Coverage): Error during class instrumentation: com.oracle.truffle.js.nodes.access.JSHasPropertyNodeGen: java.lang.RuntimeException: java.io.IOException: Class com/oracle/truffle/api/nodes/Node not found
[2023.01.15 16:00:25] (Coverage): Error during class instrumentation: com.oracle.truffle.js.builtins.ObjectFunctionBuiltinsFactory$ObjectCreateNodeGen: java.lang.RuntimeException: java.io.IOException: Class com/oracle/truffle/api/nodes/Node not found
[2023.01.15 16:00:25] (Coverage): Error during class instrumentation: com.oracle.truffle.js.builtins.FunctionPrototypeBuiltins$CopyFunctionNameAndLengthNode: java.lang.RuntimeException: java.io.IOException: Class com/oracle/truffle/api/strings/TruffleString not found
[2023.01.15 16:00:26] (Coverage): Error during class instrumentation: com.oracle.truffle.js.builtins.JSConstructTypedArrayNodeGen: java.lang.RuntimeException: java.io.IOException: Class com/oracle/truffle/api/nodes/Node not found
[2023.01.15 16:00:26] (Coverage): Error during class instrumentation: com.oracle.truffle.js.runtime.builtins.JSArrayBufferObject$Interop: java.lang.RuntimeException: java.io.IOException: Class com/oracle/truffle/api/interop/UnsupportedMessageException not found
[2023.01.15 16:00:26] (Coverage): Error during class instrumentation: com.oracle.truffle.js.runtime.util.TRegexUtil$InteropReadMemberNode: java.lang.RuntimeException: java.io.IOException: Class com/oracle/truffle/api/interop/UnsupportedMessageException not found
[2023.01.15 16:00:26] (Coverage): Error during class instrumentation: com.oracle.truffle.js.runtime.util.TRegexUtilFactory$InteropReadMemberNodeGen: java.lang.RuntimeException: java.io.IOException: Class com/oracle/truffle/api/nodes/EncapsulatingNodeReference not found
[2023.01.15 16:00:26] (Coverage): Error during class instrumentation: com.oracle.truffle.regex.tregex.nodes.TRegexExecNode: java.lang.RuntimeException: java.io.IOException: Class com/oracle/truffle/api/exception/AbstractTruffleException not found
[2023.01.15 16:00:26] (Coverage): Error during class instrumentation: com.oracle.truffle.regex.tregex.nodes.input.InputReadNode: java.lang.RuntimeException: java.io.IOException: Class com/oracle/truffle/api/interop/InvalidArrayIndexException not found
[2023.01.15 16:00:26] (Coverage): Error during class instrumentation: com.oracle.truffle.regex.tregex.nodes.TRegexExecNode$LazyCaptureGroupRegexSearchNode: java.lang.RuntimeException: java.io.IOException: Class com/oracle/truffle/api/CallTarget not found
[2023.01.15 16:00:26] (Coverage): Error during class instrumentation: com.oracle.truffle.regex.tregex.nodes.TRegexExecutorEntryNodeGen: java.lang.RuntimeException: java.io.IOException: Class com/oracle/truffle/api/strings/TruffleString not found
[2023.01.15 16:00:26] (Coverage): Error during class instrumentation: com.oracle.truffle.js.builtins.ConstructorBuiltinsFactory$ConstructArrayNodeGen: java.lang.RuntimeException: java.io.IOException: Class com/oracle/truffle/api/nodes/Node not found
[2023.01.15 16:00:26] (Coverage): Error during class instrumentation: com.oracle.truffle.js.builtins.ConstructorBuiltins$ConstructWithNewTargetNode: java.lang.RuntimeException: java.io.IOException: Class com/oracle/truffle/api/object/DynamicObject not found
[2023.01.15 16:00:26] (Coverage): Error during class instrumentation: com.oracle.truffle.js.nodes.access.GetIteratorBaseNode: java.lang.RuntimeException: java.io.IOException: Class com/oracle/truffle/api/object/DynamicObject not found
[2023.01.15 16:00:26] (Coverage): Error during class instrumentation: org.graalvm.compiler.truffle.runtime.GraalFrameInstance: java.lang.RuntimeException: java.io.IOException: Class com/oracle/truffle/api/frame/Frame not found
[2023.01.15 16:00:26] (Coverage): Error during class instrumentation: com.oracle.truffle.js.nodes.access.EnumerableOwnPropertyNamesNode: java.lang.RuntimeException: java.io.IOException: Class com/oracle/truffle/api/interop/InvalidArrayIndexException not found
[2023.01.15 16:00:26] (Coverage): Error during class instrumentation: com.oracle.truffle.js.builtins.ArrayIteratorPrototypeBuiltins$ArrayIteratorNextNode: java.lang.RuntimeException: java.io.IOException: Class com/oracle/truffle/api/object/DynamicObject not found
[2023.01.15 16:00:26] (Coverage): Error during class instrumentation: com.oracle.truffle.js.nodes.array.JSGetLengthNodeGen: java.lang.RuntimeException: java.io.IOException: Class com/oracle/truffle/api/object/DynamicObject not found
[2023.01.15 16:00:26] (Coverage): Error during class instrumentation: com.oracle.truffle.js.builtins.ObjectFunctionBuiltinsFactory$ObjectGetOwnPropertyDescriptorNodeGen: java.lang.RuntimeException: java.io.IOException: Class com/oracle/truffle/api/object/DynamicObject not found
[2023.01.15 16:00:26] (Coverage): Error during class instrumentation: com.oracle.truffle.js.nodes.access.JSGetOwnPropertyNodeGen: java.lang.RuntimeException: java.io.IOException: Class com/oracle/truffle/api/nodes/Node not found
[2023.01.15 16:00:26] (Coverage): Error during class instrumentation: com.oracle.truffle.js.builtins.ArrayPrototypeBuiltinsFactory$JSArrayShiftNodeGen: java.lang.RuntimeException: java.io.IOException: Class com/oracle/truffle/api/nodes/Node not found
[2023.01.15 16:00:26] (Coverage): Error during class instrumentation: com.oracle.truffle.js.builtins.ArrayPrototypeBuiltins$JSArrayShiftNode: java.lang.RuntimeException: java.io.IOException: Class com/oracle/truffle/api/interop/InvalidArrayIndexException not found
[2023.01.15 16:00:26] (Coverage): Error during class instrumentation: com.oracle.truffle.js.builtins.ArrayPrototypeBuiltins$BasicArrayOperation: java.lang.RuntimeException: java.io.IOException: Class com/oracle/truffle/api/object/DynamicObject not found
[2023.01.15 16:00:26] (Coverage): Error during class instrumentation: com.oracle.truffle.js.builtins.ArrayPrototypeBuiltins$ArraySpeciesConstructorNode: java.lang.RuntimeException: java.io.IOException: Class com/oracle/truffle/api/object/DynamicObject not found
[2023.01.15 16:00:26] (Coverage): Error during class instrumentation: com.oracle.truffle.js.nodes.function.NewTargetRootNode$InsertNewTargetRootNode: java.lang.RuntimeException: java.io.IOException: Class com/oracle/truffle/api/object/DynamicObject not found
</pre>
</span>
</div>
</div>
<div id="footer">
<p>
<div>
<label class="hidden" id="label-for-line-wrapping-toggle" for="line-wrapping-toggle">Wrap lines
<input id="line-wrapping-toggle" type="checkbox" autocomplete="off"/>
</label>
</div>Generated by 
<a href="http://www.gradle.org">Gradle 7.6</a> at Jan 15, 2023, 4:38:05 PM</p>
</div>
</div>
</body>
</html>
