<!DOCTYPE html>
<html>
<head>
<meta http-equiv="Content-Type" content="text/html; charset=utf-8"/>
<meta http-equiv="x-ua-compatible" content="IE=edge"/>
<title>Test results - Class elide.runtime.gvm.internals.intrinsics.js.console.JsConsoleIntrinsicTest</title>
<link href="../css/base-style.css" rel="stylesheet" type="text/css"/>
<link href="../css/style.css" rel="stylesheet" type="text/css"/>
<script src="../js/report.js" type="text/javascript"></script>
</head>
<body>
<div id="content">
<h1>Class elide.runtime.gvm.internals.intrinsics.js.console.JsConsoleIntrinsicTest</h1>
<div class="breadcrumbs">
<a href="../index.html">all</a> &gt; 
<a href="../packages/elide.runtime.gvm.internals.intrinsics.js.console.html">elide.runtime.gvm.internals.intrinsics.js.console</a> &gt; JsConsoleIntrinsicTest</div>
<div id="summary">
<table>
<tr>
<td>
<div class="summaryGroup">
<table>
<tr>
<td>
<div class="infoBox" id="tests">
<div class="counter">17</div>
<p>tests</p>
</div>
</td>
<td>
<div class="infoBox" id="failures">
<div class="counter">0</div>
<p>failures</p>
</div>
</td>
<td>
<div class="infoBox" id="ignored">
<div class="counter">0</div>
<p>ignored</p>
</div>
</td>
<td>
<div class="infoBox" id="duration">
<div class="counter">6.743s</div>
<p>duration</p>
</div>
</td>
</tr>
</table>
</div>
</td>
<td>
<div class="infoBox success" id="successRate">
<div class="percent">100%</div>
<p>successful</p>
</div>
</td>
</tr>
</table>
</div>
<div id="tabs">
<ul class="tabLinks">
<li>
<a href="#tab0">Tests</a>
</li>
<li>
<a href="#tab1">Standard output</a>
</li>
<li>
<a href="#tab2">Standard error</a>
</li>
</ul>
<div id="tab0" class="tab">
<h2>Tests</h2>
<table>
<thead>
<tr>
<th>Test</th>
<th>Method name</th>
<th>Duration</th>
<th>Result</th>
</tr>
</thead>
<tr>
<td class="success">[1] level=DEBUG, mode=direct</td>
<td class="success">testConsole(LogLevel, String)[1]</td>
<td class="success">0.347s</td>
<td class="success">passed</td>
</tr>
<tr>
<td class="success">[2] level=INFO, mode=direct</td>
<td class="success">testConsole(LogLevel, String)[2]</td>
<td class="success">0.174s</td>
<td class="success">passed</td>
</tr>
<tr>
<td class="success">[3] level=WARN, mode=direct</td>
<td class="success">testConsole(LogLevel, String)[3]</td>
<td class="success">0.107s</td>
<td class="success">passed</td>
</tr>
<tr>
<td class="success">[4] level=ERROR, mode=direct</td>
<td class="success">testConsole(LogLevel, String)[4]</td>
<td class="success">0.039s</td>
<td class="success">passed</td>
</tr>
<tr>
<td class="success">[5] level=DEBUG, mode=facade</td>
<td class="success">testConsole(LogLevel, String)[5]</td>
<td class="success">0.040s</td>
<td class="success">passed</td>
</tr>
<tr>
<td class="success">[6] level=INFO, mode=facade</td>
<td class="success">testConsole(LogLevel, String)[6]</td>
<td class="success">0.056s</td>
<td class="success">passed</td>
</tr>
<tr>
<td class="success">[7] level=WARN, mode=facade</td>
<td class="success">testConsole(LogLevel, String)[7]</td>
<td class="success">0.210s</td>
<td class="success">passed</td>
</tr>
<tr>
<td class="success">[8] level=ERROR, mode=facade</td>
<td class="success">testConsole(LogLevel, String)[8]</td>
<td class="success">0.087s</td>
<td class="success">passed</td>
</tr>
<tr>
<td class="success">testConsoleError()</td>
<td class="success">testConsoleError()</td>
<td class="success">0.007s</td>
<td class="success">passed</td>
</tr>
<tr>
<td class="success">testConsoleFormatGuestTypes()</td>
<td class="success">testConsoleFormatGuestTypes()</td>
<td class="success">4.732s</td>
<td class="success">passed</td>
</tr>
<tr>
<td class="success">testConsoleFormatTemporal()</td>
<td class="success">testConsoleFormatTemporal()</td>
<td class="success">0.399s</td>
<td class="success">passed</td>
</tr>
<tr>
<td class="success">testConsoleFormatValue()</td>
<td class="success">testConsoleFormatValue()</td>
<td class="success">0.389s</td>
<td class="success">passed</td>
</tr>
<tr>
<td class="success">testConsoleInfo()</td>
<td class="success">testConsoleInfo()</td>
<td class="success">0.002s</td>
<td class="success">passed</td>
</tr>
<tr>
<td class="success">testConsoleLog()</td>
<td class="success">testConsoleLog()</td>
<td class="success">0.114s</td>
<td class="success">passed</td>
</tr>
<tr>
<td class="success">testConsoleWarn()</td>
<td class="success">testConsoleWarn()</td>
<td class="success">0.003s</td>
<td class="success">passed</td>
</tr>
<tr>
<td class="success">testInjectable()</td>
<td class="success">testInjectable()</td>
<td class="success">0.014s</td>
<td class="success">passed</td>
</tr>
<tr>
<td class="success">testInstall()</td>
<td class="success">testInstall()</td>
<td class="success">0.023s</td>
<td class="success">passed</td>
</tr>
</table>
</div>
<div id="tab1" class="tab">
<h2>Standard output</h2>
<span class="code">
<pre>?[36m16:00:21.706?[0;39m ?[37m[io.micronaut.context.DefaultBeanContext:Test worker]?[0;39m ?[34mINFO ?[0;39m ?[35msample?[0;39m - Reading bootstrap environment configuration
?[36m16:00:24.166?[0;39m ?[37m[elide.runtime.gvm.internals.vfs.EmbeddedGuestVFSImpl:Test worker @coroutine#3]?[0;39m ?[39mDEBUG?[0;39m ?[35msample?[0;39m - VFS: Checking access to path: node_modules, modes: [], linkOptions: [Ljava.nio.file.LinkOption;@67764d77
?[36m16:00:24.168?[0;39m ?[37m[elide.runtime.gvm.internals.vfs.EmbeddedGuestVFSImpl:Test worker @coroutine#3]?[0;39m ?[39mDEBUG?[0;39m ?[35msample?[0;39m - VFS: Delegating policy check to attached policy
?[36m16:00:24.170?[0;39m ?[37m[elide.runtime.gvm.internals.vfs.EmbeddedGuestVFSImpl:Test worker @coroutine#3]?[0;39m ?[39mDEBUG?[0;39m ?[35msample?[0;39m - VFS: Access check passed: response indicates `ALLOW`
?[36m16:00:27.031?[0;39m ?[37m[elide.runtime.gvm.internals.vfs.EmbeddedGuestVFSImpl:Test worker @coroutine#4]?[0;39m ?[39mDEBUG?[0;39m ?[35msample?[0;39m - VFS: Checking access to path: node_modules, modes: [], linkOptions: [Ljava.nio.file.LinkOption;@70c3474f
?[36m16:00:27.031?[0;39m ?[37m[elide.runtime.gvm.internals.vfs.EmbeddedGuestVFSImpl:Test worker @coroutine#4]?[0;39m ?[39mDEBUG?[0;39m ?[35msample?[0;39m - VFS: Delegating policy check to attached policy
?[36m16:00:27.031?[0;39m ?[37m[elide.runtime.gvm.internals.vfs.EmbeddedGuestVFSImpl:Test worker @coroutine#4]?[0;39m ?[39mDEBUG?[0;39m ?[35msample?[0;39m - VFS: Access check passed: response indicates `ALLOW`
?[36m16:00:27.303?[0;39m ?[37m[elide.runtime.gvm.internals.vfs.EmbeddedGuestVFSImpl:Test worker @coroutine#5]?[0;39m ?[39mDEBUG?[0;39m ?[35msample?[0;39m - VFS: Checking access to path: node_modules, modes: [], linkOptions: [Ljava.nio.file.LinkOption;@6c88138d
?[36m16:00:27.303?[0;39m ?[37m[elide.runtime.gvm.internals.vfs.EmbeddedGuestVFSImpl:Test worker @coroutine#5]?[0;39m ?[39mDEBUG?[0;39m ?[35msample?[0;39m - VFS: Delegating policy check to attached policy
?[36m16:00:27.303?[0;39m ?[37m[elide.runtime.gvm.internals.vfs.EmbeddedGuestVFSImpl:Test worker @coroutine#5]?[0;39m ?[39mDEBUG?[0;39m ?[35msample?[0;39m - VFS: Access check passed: response indicates `ALLOW`
?[36m16:00:27.773?[0;39m ?[37m[elide.runtime.gvm.internals.vfs.EmbeddedGuestVFSImpl:Test worker @coroutine#6]?[0;39m ?[39mDEBUG?[0;39m ?[35msample?[0;39m - VFS: Checking access to path: node_modules, modes: [], linkOptions: [Ljava.nio.file.LinkOption;@306ded3e
?[36m16:00:27.773?[0;39m ?[37m[elide.runtime.gvm.internals.vfs.EmbeddedGuestVFSImpl:Test worker @coroutine#6]?[0;39m ?[39mDEBUG?[0;39m ?[35msample?[0;39m - VFS: Delegating policy check to attached policy
?[36m16:00:27.773?[0;39m ?[37m[elide.runtime.gvm.internals.vfs.EmbeddedGuestVFSImpl:Test worker @coroutine#6]?[0;39m ?[39mDEBUG?[0;39m ?[35msample?[0;39m - VFS: Access check passed: response indicates `ALLOW`
?[36m16:00:27.942?[0;39m ?[37m[elide.runtime.gvm.internals.vfs.EmbeddedGuestVFSImpl:Test worker @coroutine#7]?[0;39m ?[39mDEBUG?[0;39m ?[35msample?[0;39m - VFS: Checking access to path: node_modules, modes: [], linkOptions: [Ljava.nio.file.LinkOption;@752145fc
?[36m16:00:27.944?[0;39m ?[37m[elide.runtime.gvm.internals.vfs.EmbeddedGuestVFSImpl:Test worker @coroutine#7]?[0;39m ?[39mDEBUG?[0;39m ?[35msample?[0;39m - VFS: Delegating policy check to attached policy
?[36m16:00:27.948?[0;39m ?[37m[elide.runtime.gvm.internals.vfs.EmbeddedGuestVFSImpl:Test worker @coroutine#7]?[0;39m ?[39mDEBUG?[0;39m ?[35msample?[0;39m - VFS: Access check passed: response indicates `ALLOW`
?[36m16:00:28.132?[0;39m ?[37m[elide.runtime.gvm.internals.vfs.EmbeddedGuestVFSImpl:Test worker @coroutine#8]?[0;39m ?[39mDEBUG?[0;39m ?[35msample?[0;39m - VFS: Checking access to path: node_modules, modes: [], linkOptions: [Ljava.nio.file.LinkOption;@45e032ad
?[36m16:00:28.132?[0;39m ?[37m[elide.runtime.gvm.internals.vfs.EmbeddedGuestVFSImpl:Test worker @coroutine#8]?[0;39m ?[39mDEBUG?[0;39m ?[35msample?[0;39m - VFS: Delegating policy check to attached policy
?[36m16:00:28.132?[0;39m ?[37m[elide.runtime.gvm.internals.vfs.EmbeddedGuestVFSImpl:Test worker @coroutine#8]?[0;39m ?[39mDEBUG?[0;39m ?[35msample?[0;39m - VFS: Access check passed: response indicates `ALLOW`
?[36m16:00:28.231?[0;39m ?[37m[elide.runtime.gvm.internals.vfs.EmbeddedGuestVFSImpl:Test worker @coroutine#9]?[0;39m ?[39mDEBUG?[0;39m ?[35msample?[0;39m - VFS: Checking access to path: node_modules, modes: [], linkOptions: [Ljava.nio.file.LinkOption;@79aec360
?[36m16:00:28.231?[0;39m ?[37m[elide.runtime.gvm.internals.vfs.EmbeddedGuestVFSImpl:Test worker @coroutine#9]?[0;39m ?[39mDEBUG?[0;39m ?[35msample?[0;39m - VFS: Delegating policy check to attached policy
?[36m16:00:28.231?[0;39m ?[37m[elide.runtime.gvm.internals.vfs.EmbeddedGuestVFSImpl:Test worker @coroutine#9]?[0;39m ?[39mDEBUG?[0;39m ?[35msample?[0;39m - VFS: Access check passed: response indicates `ALLOW`
?[36m16:00:28.269?[0;39m ?[37m[elide.runtime.gvm.internals.vfs.EmbeddedGuestVFSImpl:Test worker @coroutine#10]?[0;39m ?[39mDEBUG?[0;39m ?[35msample?[0;39m - VFS: Checking access to path: node_modules, modes: [], linkOptions: [Ljava.nio.file.LinkOption;@55e31c8d
?[36m16:00:28.269?[0;39m ?[37m[elide.runtime.gvm.internals.vfs.EmbeddedGuestVFSImpl:Test worker @coroutine#10]?[0;39m ?[39mDEBUG?[0;39m ?[35msample?[0;39m - VFS: Delegating policy check to attached policy
?[36m16:00:28.269?[0;39m ?[37m[elide.runtime.gvm.internals.vfs.EmbeddedGuestVFSImpl:Test worker @coroutine#10]?[0;39m ?[39mDEBUG?[0;39m ?[35msample?[0;39m - VFS: Access check passed: response indicates `ALLOW`
?[36m16:00:28.312?[0;39m ?[37m[elide.runtime.gvm.internals.vfs.EmbeddedGuestVFSImpl:Test worker @coroutine#11]?[0;39m ?[39mDEBUG?[0;39m ?[35msample?[0;39m - VFS: Checking access to path: node_modules, modes: [], linkOptions: [Ljava.nio.file.LinkOption;@261bb9f3
?[36m16:00:28.312?[0;39m ?[37m[elide.runtime.gvm.internals.vfs.EmbeddedGuestVFSImpl:Test worker @coroutine#11]?[0;39m ?[39mDEBUG?[0;39m ?[35msample?[0;39m - VFS: Delegating policy check to attached policy
?[36m16:00:28.312?[0;39m ?[37m[elide.runtime.gvm.internals.vfs.EmbeddedGuestVFSImpl:Test worker @coroutine#11]?[0;39m ?[39mDEBUG?[0;39m ?[35msample?[0;39m - VFS: Access check passed: response indicates `ALLOW`
?[36m16:00:28.467?[0;39m ?[37m[elide.runtime.gvm.internals.vfs.EmbeddedGuestVFSImpl:Test worker @coroutine#12]?[0;39m ?[39mDEBUG?[0;39m ?[35msample?[0;39m - VFS: Checking access to path: node_modules, modes: [], linkOptions: [Ljava.nio.file.LinkOption;@5a17a28
?[36m16:00:28.467?[0;39m ?[37m[elide.runtime.gvm.internals.vfs.EmbeddedGuestVFSImpl:Test worker @coroutine#12]?[0;39m ?[39mDEBUG?[0;39m ?[35msample?[0;39m - VFS: Delegating policy check to attached policy
?[36m16:00:28.467?[0;39m ?[37m[elide.runtime.gvm.internals.vfs.EmbeddedGuestVFSImpl:Test worker @coroutine#12]?[0;39m ?[39mDEBUG?[0;39m ?[35msample?[0;39m - VFS: Access check passed: response indicates `ALLOW`
?[36m16:00:28.616?[0;39m ?[37m[elide.runtime.gvm.internals.vfs.EmbeddedGuestVFSImpl:Test worker @coroutine#13]?[0;39m ?[39mDEBUG?[0;39m ?[35msample?[0;39m - VFS: Checking access to path: node_modules, modes: [], linkOptions: [Ljava.nio.file.LinkOption;@1675b8e
?[36m16:00:28.617?[0;39m ?[37m[elide.runtime.gvm.internals.vfs.EmbeddedGuestVFSImpl:Test worker @coroutine#13]?[0;39m ?[39mDEBUG?[0;39m ?[35msample?[0;39m - VFS: Delegating policy check to attached policy
?[36m16:00:28.617?[0;39m ?[37m[elide.runtime.gvm.internals.vfs.EmbeddedGuestVFSImpl:Test worker @coroutine#13]?[0;39m ?[39mDEBUG?[0;39m ?[35msample?[0;39m - VFS: Access check passed: response indicates `ALLOW`
?[36m16:00:28.753?[0;39m ?[37m[elide.runtime.gvm.internals.vfs.EmbeddedGuestVFSImpl:Test worker @coroutine#14]?[0;39m ?[39mDEBUG?[0;39m ?[35msample?[0;39m - VFS: Checking access to path: node_modules, modes: [], linkOptions: [Ljava.nio.file.LinkOption;@1d5e88c2
?[36m16:00:28.755?[0;39m ?[37m[elide.runtime.gvm.internals.vfs.EmbeddedGuestVFSImpl:Test worker @coroutine#14]?[0;39m ?[39mDEBUG?[0;39m ?[35msample?[0;39m - VFS: Delegating policy check to attached policy
?[36m16:00:28.756?[0;39m ?[37m[elide.runtime.gvm.internals.vfs.EmbeddedGuestVFSImpl:Test worker @coroutine#14]?[0;39m ?[39mDEBUG?[0;39m ?[35msample?[0;39m - VFS: Access check passed: response indicates `ALLOW`
?[36m16:00:28.789?[0;39m ?[37m[elide.runtime.gvm.internals.vfs.EmbeddedGuestVFSImpl:Test worker @coroutine#15]?[0;39m ?[39mDEBUG?[0;39m ?[35msample?[0;39m - VFS: Checking access to path: node_modules, modes: [], linkOptions: [Ljava.nio.file.LinkOption;@5bdd16b5
?[36m16:00:28.790?[0;39m ?[37m[elide.runtime.gvm.internals.vfs.EmbeddedGuestVFSImpl:Test worker @coroutine#15]?[0;39m ?[39mDEBUG?[0;39m ?[35msample?[0;39m - VFS: Delegating policy check to attached policy
?[36m16:00:28.790?[0;39m ?[37m[elide.runtime.gvm.internals.vfs.EmbeddedGuestVFSImpl:Test worker @coroutine#15]?[0;39m ?[39mDEBUG?[0;39m ?[35msample?[0;39m - VFS: Access check passed: response indicates `ALLOW`
?[36m16:00:28.818?[0;39m ?[37m[elide.runtime.gvm.internals.vfs.EmbeddedGuestVFSImpl:Test worker @coroutine#16]?[0;39m ?[39mDEBUG?[0;39m ?[35msample?[0;39m - VFS: Checking access to path: node_modules, modes: [], linkOptions: [Ljava.nio.file.LinkOption;@6abf306e
?[36m16:00:28.822?[0;39m ?[37m[elide.runtime.gvm.internals.vfs.EmbeddedGuestVFSImpl:Test worker @coroutine#16]?[0;39m ?[39mDEBUG?[0;39m ?[35msample?[0;39m - VFS: Delegating policy check to attached policy
?[36m16:00:28.822?[0;39m ?[37m[elide.runtime.gvm.internals.vfs.EmbeddedGuestVFSImpl:Test worker @coroutine#16]?[0;39m ?[39mDEBUG?[0;39m ?[35msample?[0;39m - VFS: Access check passed: response indicates `ALLOW`
?[36m16:00:28.895?[0;39m ?[37m[elide.runtime.gvm.internals.vfs.EmbeddedGuestVFSImpl:Test worker @coroutine#17]?[0;39m ?[39mDEBUG?[0;39m ?[35msample?[0;39m - VFS: Checking access to path: node_modules, modes: [], linkOptions: [Ljava.nio.file.LinkOption;@203ac93c
?[36m16:00:28.895?[0;39m ?[37m[elide.runtime.gvm.internals.vfs.EmbeddedGuestVFSImpl:Test worker @coroutine#17]?[0;39m ?[39mDEBUG?[0;39m ?[35msample?[0;39m - VFS: Delegating policy check to attached policy
?[36m16:00:28.895?[0;39m ?[37m[elide.runtime.gvm.internals.vfs.EmbeddedGuestVFSImpl:Test worker @coroutine#17]?[0;39m ?[39mDEBUG?[0;39m ?[35msample?[0;39m - VFS: Access check passed: response indicates `ALLOW`
?[36m16:00:28.913?[0;39m ?[37m[elide.runtime.gvm.internals.vfs.EmbeddedGuestVFSImpl:Test worker @coroutine#18]?[0;39m ?[39mDEBUG?[0;39m ?[35msample?[0;39m - VFS: Checking access to path: node_modules, modes: [], linkOptions: [Ljava.nio.file.LinkOption;@114046c
?[36m16:00:28.913?[0;39m ?[37m[elide.runtime.gvm.internals.vfs.EmbeddedGuestVFSImpl:Test worker @coroutine#18]?[0;39m ?[39mDEBUG?[0;39m ?[35msample?[0;39m - VFS: Delegating policy check to attached policy
?[36m16:00:28.913?[0;39m ?[37m[elide.runtime.gvm.internals.vfs.EmbeddedGuestVFSImpl:Test worker @coroutine#18]?[0;39m ?[39mDEBUG?[0;39m ?[35msample?[0;39m - VFS: Access check passed: response indicates `ALLOW`
?[36m16:00:28.949?[0;39m ?[37m[elide.runtime.gvm.internals.vfs.EmbeddedGuestVFSImpl:Test worker @coroutine#19]?[0;39m ?[39mDEBUG?[0;39m ?[35msample?[0;39m - VFS: Checking access to path: node_modules, modes: [], linkOptions: [Ljava.nio.file.LinkOption;@783046e8
?[36m16:00:28.950?[0;39m ?[37m[elide.runtime.gvm.internals.vfs.EmbeddedGuestVFSImpl:Test worker @coroutine#19]?[0;39m ?[39mDEBUG?[0;39m ?[35msample?[0;39m - VFS: Delegating policy check to attached policy
?[36m16:00:28.950?[0;39m ?[37m[elide.runtime.gvm.internals.vfs.EmbeddedGuestVFSImpl:Test worker @coroutine#19]?[0;39m ?[39mDEBUG?[0;39m ?[35msample?[0;39m - VFS: Access check passed: response indicates `ALLOW`
?[36m16:00:29.033?[0;39m ?[37m[elide.runtime.gvm.internals.vfs.EmbeddedGuestVFSImpl:Test worker @coroutine#20]?[0;39m ?[39mDEBUG?[0;39m ?[35msample?[0;39m - VFS: Checking access to path: node_modules, modes: [], linkOptions: [Ljava.nio.file.LinkOption;@75947aa3
?[36m16:00:29.034?[0;39m ?[37m[elide.runtime.gvm.internals.vfs.EmbeddedGuestVFSImpl:Test worker @coroutine#20]?[0;39m ?[39mDEBUG?[0;39m ?[35msample?[0;39m - VFS: Delegating policy check to attached policy
?[36m16:00:29.034?[0;39m ?[37m[elide.runtime.gvm.internals.vfs.EmbeddedGuestVFSImpl:Test worker @coroutine#20]?[0;39m ?[39mDEBUG?[0;39m ?[35msample?[0;39m - VFS: Access check passed: response indicates `ALLOW`
</pre>
</span>
</div>
<div id="tab2" class="tab">
<h2>Standard error</h2>
<span class="code">
<pre>[2023.01.15 16:00:22] (Coverage): Error during class instrumentation: com.oracle.truffle.js.runtime.JSRealm: java.lang.RuntimeException: java.io.IOException: Class com/oracle/truffle/api/strings/TruffleString not found
[2023.01.15 16:00:22] (Coverage): Error during class instrumentation: com.oracle.truffle.js.runtime.objects.JSObject: java.lang.RuntimeException: java.io.IOException: Class com/oracle/truffle/api/object/DynamicObject not found
[2023.01.15 16:00:22] (Coverage): Error during class instrumentation: com.oracle.truffle.js.runtime.builtins.JSFunctionObject: java.lang.RuntimeException: java.io.IOException: Class com/oracle/truffle/api/object/DynamicObject not found
[2023.01.15 16:00:22] (Coverage): Error during class instrumentation: com.oracle.truffle.js.runtime.JSException: java.lang.RuntimeException: java.io.IOException: Class com/oracle/truffle/api/object/DynamicObject not found
[2023.01.15 16:00:22] (Coverage): Error during class instrumentation: com.oracle.truffle.js.runtime.GraalJSException: java.lang.RuntimeException: java.io.IOException: Class com/oracle/truffle/api/TruffleStackTraceElement not found
[2023.01.15 16:00:22] (Coverage): Error during class instrumentation: com.oracle.truffle.js.runtime.GraalJSException$JSStackTraceElement: java.lang.RuntimeException: java.io.IOException: Class com/oracle/truffle/api/object/DynamicObject not found
[2023.01.15 16:00:22] (Coverage): Error during class instrumentation: com.oracle.truffle.js.nodes.control.TryCatchNode$GetErrorObjectNode: java.lang.RuntimeException: java.io.IOException: Class com/oracle/truffle/api/object/DynamicObject not found
[2023.01.15 16:00:22] (Coverage): Error during class instrumentation: com.oracle.truffle.js.nodes.control.TryCatchNode: java.lang.RuntimeException: java.io.IOException: Class com/oracle/truffle/api/exception/AbstractTruffleException not found
[2023.01.15 16:00:22] (Coverage): Error during class instrumentation: com.oracle.truffle.js.nodes.JavaScriptNode: java.lang.RuntimeException: java.io.IOException: Class com/oracle/truffle/api/frame/Frame not found
[2023.01.15 16:00:22] (Coverage): Error during class instrumentation: org.graalvm.compiler.truffle.runtime.debug.TraceSplittingListener: java.lang.RuntimeException: java.io.IOException: Class com/oracle/truffle/api/nodes/Node not found
[2023.01.15 16:00:22] (Coverage): Error during class instrumentation: com.oracle.truffle.js.parser.GraalJSEvaluator: java.lang.RuntimeException: java.io.IOException: Class com/oracle/truffle/api/object/DynamicObject not found
[2023.01.15 16:00:22] (Coverage): Error during class instrumentation: com.oracle.truffle.js.parser.GraalJSEvaluator$3: java.lang.RuntimeException: java.io.IOException: Class com/oracle/truffle/api/interop/UnsupportedMessageException not found
[2023.01.15 16:00:22] (Coverage): Error during class instrumentation: com.oracle.truffle.js.runtime.JSContext: java.lang.RuntimeException: java.io.IOException: Class com/oracle/truffle/api/RootCallTarget not found
[2023.01.15 16:00:22] (Coverage): Error during class instrumentation: com.oracle.truffle.js.runtime.builtins.JSPrimitive: java.lang.RuntimeException: java.io.IOException: Class com/oracle/truffle/api/interop/UnknownIdentifierException not found
[2023.01.15 16:00:22] (Coverage): Error during class instrumentation: com.oracle.truffle.js.runtime.builtins.JSRegExp: java.lang.RuntimeException: java.io.IOException: Class com/oracle/truffle/api/object/DynamicObject not found
[2023.01.15 16:00:22] (Coverage): Error during class instrumentation: com.oracle.truffle.js.runtime.builtins.JSDate: java.lang.RuntimeException: java.io.IOException: Class com/oracle/truffle/api/object/DynamicObject not found
[2023.01.15 16:00:22] (Coverage): Error during class instrumentation: com.oracle.truffle.js.runtime.builtins.JSProxy: java.lang.RuntimeException: java.io.IOException: Class com/oracle/truffle/api/object/DynamicObject not found
[2023.01.15 16:00:22] (Coverage): Error during class instrumentation: com.oracle.truffle.js.runtime.builtins.JSArrayBuffer: java.lang.RuntimeException: java.io.IOException: Class com/oracle/truffle/api/object/DynamicObject not found
[2023.01.15 16:00:22] (Coverage): Error during class instrumentation: com.oracle.truffle.js.runtime.builtins.intl.JSDisplayNames: java.lang.RuntimeException: java.io.IOException: Class com/oracle/truffle/api/strings/TruffleString not found
[2023.01.15 16:00:22] (Coverage): Error during class instrumentation: com.oracle.truffle.js.runtime.builtins.wasm.JSWebAssemblyInstance: java.lang.RuntimeException: java.io.IOException: Class com/oracle/truffle/api/object/DynamicObject not found
[2023.01.15 16:00:22] (Coverage): Error during class instrumentation: com.oracle.truffle.js.runtime.builtins.JSFunction: java.lang.RuntimeException: java.io.IOException: Class com/oracle/truffle/api/strings/TruffleString not found
[2023.01.15 16:00:22] (Coverage): Error during class instrumentation: com.oracle.truffle.js.runtime.builtins.JSFunction$BoundConstructNewTargetRootNode: java.lang.RuntimeException: java.io.IOException: Class com/oracle/truffle/api/object/DynamicObject not found
[2023.01.15 16:00:22] (Coverage): Error during class instrumentation: com.oracle.truffle.js.runtime.builtins.JSDictionary: java.lang.RuntimeException: java.io.IOException: Class com/oracle/truffle/api/object/DynamicObject not found
[2023.01.15 16:00:22] (Coverage): Error during class instrumentation: com.oracle.truffle.js.runtime.array.SparseArray: java.lang.RuntimeException: java.io.IOException: Class com/oracle/truffle/api/object/DynamicObject not found
[2023.01.15 16:00:23] (Coverage): Error during class instrumentation: com.oracle.truffle.js.nodes.function.JSNewNode: java.lang.RuntimeException: java.io.IOException: Class com/oracle/truffle/api/interop/ArityException not found
[2023.01.15 16:00:23] (Coverage): Error during class instrumentation: com.oracle.truffle.js.nodes.control.ForNode: java.lang.RuntimeException: java.io.IOException: Class com/oracle/truffle/api/frame/VirtualFrame not found
[2023.01.15 16:00:23] (Coverage): Error during class instrumentation: com.oracle.truffle.js.nodes.access.PropertyNode: java.lang.RuntimeException: java.io.IOException: Class com/oracle/truffle/api/nodes/Node not found
[2023.01.15 16:00:23] (Coverage): Error during class instrumentation: com.oracle.truffle.js.nodes.promise.ImportCallNode: java.lang.RuntimeException: java.io.IOException: Class com/oracle/truffle/api/nodes/RootNode not found
[2023.01.15 16:00:23] (Coverage): Error during class instrumentation: com.oracle.truffle.js.nodes.function.JSFunctionCallNode: java.lang.RuntimeException: java.io.IOException: Class com/oracle/truffle/api/nodes/Node not found
[2023.01.15 16:00:23] (Coverage): Error during class instrumentation: com.oracle.truffle.js.nodes.control.DeletePropertyNode: java.lang.RuntimeException: java.io.IOException: Class com/oracle/truffle/api/interop/UnknownIdentifierException not found
[2023.01.15 16:00:23] (Coverage): Error during class instrumentation: com.oracle.truffle.js.nodes.function.FunctionRootNode: java.lang.RuntimeException: java.io.IOException: Class com/oracle/truffle/api/CallTarget not found
[2023.01.15 16:00:23] (Coverage): Error during class instrumentation: com.oracle.truffle.js.nodes.function.ClassDefinitionNode: java.lang.RuntimeException: java.io.IOException: Class com/oracle/truffle/api/object/HiddenKey not found
[2023.01.15 16:00:23] (Coverage): Error during class instrumentation: com.oracle.truffle.js.nodes.access.IteratorGetNextValueNode: java.lang.RuntimeException: java.io.IOException: Class com/oracle/truffle/api/object/DynamicObject not found
[2023.01.15 16:00:23] (Coverage): Error during class instrumentation: com.oracle.truffle.js.nodes.binary.InstanceofNode: java.lang.RuntimeException: java.io.IOException: Class com/oracle/truffle/api/object/DynamicObject not found
[2023.01.15 16:00:23] (Coverage): Error during class instrumentation: com.oracle.truffle.js.nodes.binary.JSTypeofIdenticalNode: java.lang.RuntimeException: java.io.IOException: Class com/oracle/truffle/api/nodes/Node not found
[2023.01.15 16:00:23] (Coverage): Error during class instrumentation: com.oracle.truffle.js.nodes.access.DeclareGlobalFunctionNode: java.lang.RuntimeException: java.io.IOException: Class com/oracle/truffle/api/object/DynamicObject not found
[2023.01.15 16:00:23] (Coverage): Error during class instrumentation: com.oracle.truffle.js.runtime.Symbol: java.lang.RuntimeException: java.io.IOException: Class com/oracle/truffle/api/strings/TruffleString not found
[2023.01.15 16:00:23] (Coverage): Error during class instrumentation: com.oracle.truffle.js.nodes.ThrowTypeErrorRootNode: java.lang.RuntimeException: java.io.IOException: Class com/oracle/truffle/api/strings/TruffleString not found
[2023.01.15 16:00:23] (Coverage): Error during class instrumentation: com.oracle.truffle.js.nodes.cast.JSToObjectNodeGen: java.lang.RuntimeException: java.io.IOException: Class com/oracle/truffle/api/nodes/Node not found
[2023.01.15 16:00:23] (Coverage): Error during class instrumentation: com.oracle.truffle.js.runtime.objects.JSObjectUtil: java.lang.RuntimeException: java.io.IOException: Class com/oracle/truffle/api/object/DynamicObject not found
[2023.01.15 16:00:23] (Coverage): Error during class instrumentation: com.oracle.truffle.js.runtime.builtins.JSError: java.lang.RuntimeException: java.io.IOException: Class com/oracle/truffle/api/object/DynamicObject not found
[2023.01.15 16:00:23] (Coverage): Error during class instrumentation: com.oracle.truffle.js.runtime.builtins.JSError$1: java.lang.RuntimeException: java.io.IOException: Class com/oracle/truffle/api/object/DynamicObject not found
[2023.01.15 16:00:23] (Coverage): Error during class instrumentation: com.oracle.truffle.js.nodes.promise.BuiltinPromiseRejectionTracker: java.lang.RuntimeException: java.io.IOException: Class com/oracle/truffle/api/interop/UnsupportedMessageException not found
[2023.01.15 16:00:23] (Coverage): Error during class instrumentation: com.oracle.truffle.js.runtime.JSRuntime: java.lang.RuntimeException: java.io.IOException: Class com/oracle/truffle/api/interop/InteropException not found
[2023.01.15 16:00:23] (Coverage): Error during class instrumentation: com.oracle.truffle.js.nodes.function.JSBuiltin: java.lang.RuntimeException: java.io.IOException: Class com/oracle/truffle/api/CallTarget not found
[2023.01.15 16:00:23] (Coverage): Error during class instrumentation: com.oracle.truffle.js.runtime.objects.Accessor: java.lang.RuntimeException: java.io.IOException: Class com/oracle/truffle/api/object/DynamicObject not found
[2023.01.15 16:00:23] (Coverage): Error during class instrumentation: com.oracle.truffle.js.builtins.ConstructorBuiltins: java.lang.RuntimeException: java.io.IOException: Class com/oracle/truffle/api/nodes/Node not found
[2023.01.15 16:00:23] (Coverage): Error during class instrumentation: com.oracle.truffle.js.runtime.util.DefinePropertyUtil: java.lang.RuntimeException: java.io.IOException: Class com/oracle/truffle/api/object/DynamicObject not found
[2023.01.15 16:00:23] (Coverage): Error during class instrumentation: com.oracle.truffle.js.builtins.TypedArrayPrototypeBuiltins: java.lang.RuntimeException: java.io.IOException: Class com/oracle/truffle/api/nodes/Node not found
[2023.01.15 16:00:23] (Coverage): Error during class instrumentation: com.oracle.truffle.js.nodes.access.PropertySetNode: java.lang.RuntimeException: java.io.IOException: Class com/oracle/truffle/api/object/DynamicObject not found
[2023.01.15 16:00:23] (Coverage): Error during class instrumentation: com.oracle.truffle.js.nodes.access.PropertySetNode$ObjectPropertySetNode: java.lang.RuntimeException: java.io.IOException: Class com/oracle/truffle/api/object/IncompatibleLocationException not found
[2023.01.15 16:00:23] (Coverage): Error during class instrumentation: com.oracle.truffle.js.nodes.access.PropertySetNode$ForeignPropertySetNode: java.lang.RuntimeException: java.io.IOException: Class com/oracle/truffle/api/interop/UnsupportedMessageException not found
[2023.01.15 16:00:24] (Coverage): Error during class instrumentation: com.oracle.truffle.js.nodes.access.PropertyGetNode: java.lang.RuntimeException: java.io.IOException: Class com/oracle/truffle/api/object/DynamicObject not found
[2023.01.15 16:00:24] (Coverage): Error during class instrumentation: com.oracle.truffle.js.nodes.binary.InstanceofNodeGen: java.lang.RuntimeException: java.io.IOException: Class com/oracle/truffle/api/object/DynamicObject not found
[2023.01.15 16:00:24] (Coverage): Error during class instrumentation: com.oracle.truffle.js.nodes.unary.IsCallableNodeGen: java.lang.RuntimeException: java.io.IOException: Class com/oracle/truffle/api/object/DynamicObject not found
[2023.01.15 16:00:24] (Coverage): Error during class instrumentation: com.oracle.truffle.js.nodes.interop.KeyInfoNodeGen: java.lang.RuntimeException: java.io.IOException: Class com/oracle/truffle/api/nodes/Node not found
[2023.01.15 16:00:24] (Coverage): Error during class instrumentation: com.oracle.truffle.js.nodes.access.IsExtensibleNodeGen: java.lang.RuntimeException: java.io.IOException: Class com/oracle/truffle/api/object/Shape not found
[2023.01.15 16:00:24] (Coverage): Error during class instrumentation: com.oracle.truffle.js.nodes.access.WriteElementNode$ForeignObjectWriteElementTypeCacheNode: java.lang.RuntimeException: java.io.IOException: Class com/oracle/truffle/api/interop/UnsupportedMessageException not found
[2023.01.15 16:00:24] (Coverage): Error during class instrumentation: com.oracle.truffle.js.nodes.access.IsArrayNodeGen: java.lang.RuntimeException: java.io.IOException: Class com/oracle/truffle/api/object/DynamicObject not found
[2023.01.15 16:00:24] (Coverage): Error during class instrumentation: com.oracle.truffle.js.nodes.access.CachedSetPropertyNodeGen: java.lang.RuntimeException: java.io.IOException: Class com/oracle/truffle/api/nodes/Node not found
[2023.01.15 16:00:24] (Coverage): Error during class instrumentation: com.oracle.truffle.js.nodes.cast.ToArrayIndexNodeGen: java.lang.RuntimeException: java.io.IOException: Class com/oracle/truffle/api/nodes/EncapsulatingNodeReference not found
[2023.01.15 16:00:24] (Coverage): Error during class instrumentation: com.oracle.truffle.js.parser.GraalJSTranslator: java.lang.RuntimeException: java.io.IOException: Class com/oracle/truffle/api/nodes/Node not found
[2023.01.15 16:00:24] (Coverage): Error during class instrumentation: com.oracle.truffle.js.nodes.access.DeclareEvalVariableNode: java.lang.RuntimeException: java.io.IOException: Class com/oracle/truffle/api/object/DynamicObject not found
[2023.01.15 16:00:24] (Coverage): Error during class instrumentation: com.oracle.truffle.js.nodes.function.EvalNode: java.lang.RuntimeException: java.io.IOException: Class com/oracle/truffle/api/object/DynamicObject not found
[2023.01.15 16:00:24] (Coverage): Error during class instrumentation: com.oracle.js.parser.Parser: java.lang.RuntimeException: java.io.IOException: Class com/oracle/truffle/api/strings/TruffleString not found
[2023.01.15 16:00:25] (Coverage): Error during class instrumentation: com.oracle.truffle.js.parser.env.Environment$WrappedVarRef: java.lang.RuntimeException: java.io.IOException: Class com/oracle/truffle/api/nodes/Node not found
[2023.01.15 16:00:25] (Coverage): Error during class instrumentation: com.oracle.truffle.js.nodes.access.ScopeFrameNode$EnclosingFunctionScopeFrameNode: java.lang.RuntimeException: java.io.IOException: Class com/oracle/truffle/api/frame/MaterializedFrame not found
[2023.01.15 16:00:25] (Coverage): Error during class instrumentation: com.oracle.truffle.js.nodes.access.JSWriteFrameSlotNode: java.lang.RuntimeException: java.io.IOException: Class com/oracle/truffle/api/nodes/Node not found
[2023.01.15 16:00:25] (Coverage): Error during class instrumentation: com.oracle.truffle.js.nodes.access.JSWriteCurrentFrameSlotNodeGen: java.lang.RuntimeException: java.io.IOException: Class com/oracle/truffle/api/frame/FrameSlotKind not found
[2023.01.15 16:00:25] (Coverage): Error during class instrumentation: com.oracle.truffle.js.nodes.access.PropertyGetNode$JavaStringMethodGetNode: java.lang.RuntimeException: java.io.IOException: Class com/oracle/truffle/api/interop/UnknownIdentifierException not found
[2023.01.15 16:00:25] (Coverage): Error during class instrumentation: com.oracle.truffle.js.nodes.access.PropertyGetNode$ForeignPropertyGetNode: java.lang.RuntimeException: java.io.IOException: Class com/oracle/truffle/api/interop/UnknownIdentifierException not found
[2023.01.15 16:00:25] (Coverage): Error during class instrumentation: com.oracle.truffle.js.nodes.binary.JSModuloNodeGen: java.lang.RuntimeException: java.io.IOException: Class com/oracle/truffle/api/nodes/Node not found
[2023.01.15 16:00:25] (Coverage): Error during class instrumentation: com.oracle.truffle.js.nodes.binary.JSGreaterThanNodeGen: java.lang.RuntimeException: java.io.IOException: Class com/oracle/truffle/api/nodes/Node not found
[2023.01.15 16:00:25] (Coverage): Error during class instrumentation: com.oracle.truffle.js.nodes.cast.JSToPrimitiveNode: java.lang.RuntimeException: java.io.IOException: Class com/oracle/truffle/api/interop/UnknownIdentifierException not found
[2023.01.15 16:00:25] (Coverage): Error during class instrumentation: com.oracle.truffle.js.parser.env.Environment$3: java.lang.RuntimeException: java.io.IOException: Class com/oracle/truffle/api/nodes/Node not found
[2023.01.15 16:00:25] (Coverage): Error during class instrumentation: com.oracle.truffle.js.nodes.access.GlobalScopeLookupNodeGen: java.lang.RuntimeException: java.io.IOException: Class com/oracle/truffle/api/Assumption not found
[2023.01.15 16:00:25] (Coverage): Error during class instrumentation: com.oracle.truffle.js.nodes.function.JSNewNodeGen: java.lang.RuntimeException: java.io.IOException: Class com/oracle/truffle/api/object/DynamicObject not found
[2023.01.15 16:00:25] (Coverage): Error during class instrumentation: com.oracle.truffle.js.nodes.function.JSFunctionCallNode$GenericFallbackCacheNode: java.lang.RuntimeException: java.io.IOException: Class com/oracle/truffle/api/nodes/Node not found
[2023.01.15 16:00:25] (Coverage): Error during class instrumentation: com.oracle.truffle.js.nodes.function.JSFunctionCallNode$InvokeNode: java.lang.RuntimeException: java.io.IOException: Class com/oracle/truffle/api/nodes/Node not found
[2023.01.15 16:00:25] (Coverage): Error during class instrumentation: com.oracle.truffle.js.nodes.function.JSFunctionCallNode$ForeignInstantiateNode: java.lang.RuntimeException: java.io.IOException: Class com/oracle/truffle/api/interop/ArityException not found
[2023.01.15 16:00:25] (Coverage): Error during class instrumentation: com.oracle.truffle.js.nodes.function.JSFunctionCallNode$ForeignInvokeNode: java.lang.RuntimeException: java.io.IOException: Class com/oracle/truffle/api/interop/ArityException not found
[2023.01.15 16:00:25] (Coverage): Error during class instrumentation: com.oracle.truffle.js.nodes.function.JSFunctionCallNode$ForeignExecuteNode: java.lang.RuntimeException: java.io.IOException: Class com/oracle/truffle/api/interop/ArityException not found
[2023.01.15 16:00:25] (Coverage): Error during class instrumentation: com.oracle.truffle.js.nodes.function.JSFunctionCallNode$BoundFunctionInstanceCallNode: java.lang.RuntimeException: java.io.IOException: Class com/oracle/truffle/api/object/DynamicObject not found
[2023.01.15 16:00:25] (Coverage): Error during class instrumentation: com.oracle.truffle.js.nodes.function.JSFunctionCallNode$DynamicBoundFunctionCallNode: java.lang.RuntimeException: java.io.IOException: Class com/oracle/truffle/api/object/DynamicObject not found
[2023.01.15 16:00:25] (Coverage): Error during class instrumentation: com.oracle.truffle.js.nodes.binary.JSIdenticalNodeGen: java.lang.RuntimeException: java.io.IOException: Class com/oracle/truffle/api/nodes/Node not found
[2023.01.15 16:00:25] (Coverage): Error during class instrumentation: com.oracle.truffle.js.nodes.binary.JSSubtractNodeGen: java.lang.RuntimeException: java.io.IOException: Class com/oracle/truffle/api/nodes/Node not found
[2023.01.15 16:00:25] (Coverage): Error during class instrumentation: com.oracle.truffle.js.nodes.access.ArrayLiteralNode$DefaultArrayLiteralWithSpreadNode: java.lang.RuntimeException: java.io.IOException: Class com/oracle/truffle/api/nodes/Node not found
[2023.01.15 16:00:25] (Coverage): Error during class instrumentation: com.oracle.truffle.js.nodes.access.JSWriteScopeFrameSlotNodeGen: java.lang.RuntimeException: java.io.IOException: Class com/oracle/truffle/api/frame/FrameSlotKind not found
[2023.01.15 16:00:25] (Coverage): Error during class instrumentation: com.oracle.truffle.js.nodes.access.ReadElementNode$ForeignObjectReadElementTypeCacheNode: java.lang.RuntimeException: java.io.IOException: Class com/oracle/truffle/api/interop/UnknownIdentifierException not found
[2023.01.15 16:00:25] (Coverage): Error during class instrumentation: com.oracle.truffle.js.nodes.binary.JSAddNode: java.lang.RuntimeException: java.io.IOException: Class com/oracle/truffle/api/strings/TruffleString not found
[2023.01.15 16:00:25] (Coverage): Error during class instrumentation: com.oracle.truffle.js.nodes.binary.JSAddNodeGen: java.lang.RuntimeException: java.io.IOException: Class com/oracle/truffle/api/strings/TruffleString not found
[2023.01.15 16:00:25] (Coverage): Error during class instrumentation: com.oracle.truffle.js.nodes.binary.JSMultiplyNodeGen: java.lang.RuntimeException: java.io.IOException: Class com/oracle/truffle/api/nodes/Node not found
[2023.01.15 16:00:25] (Coverage): Error during class instrumentation: com.oracle.truffle.js.nodes.binary.JSDivideNodeGen: java.lang.RuntimeException: java.io.IOException: Class com/oracle/truffle/api/nodes/Node not found
[2023.01.15 16:00:25] (Coverage): Error during class instrumentation: com.oracle.truffle.js.nodes.binary.JSLessThanNodeGen: java.lang.RuntimeException: java.io.IOException: Class com/oracle/truffle/api/nodes/Node not found
[2023.01.15 16:00:25] (Coverage): Error during class instrumentation: com.oracle.truffle.js.parser.env.FunctionEnvironment$JumpTargetCloseable: java.lang.RuntimeException: java.io.IOException: Class com/oracle/truffle/api/nodes/Node not found
[2023.01.15 16:00:25] (Coverage): Error during class instrumentation: com.oracle.truffle.js.nodes.binary.JSBitwiseOrNodeGen: java.lang.RuntimeException: java.io.IOException: Class com/oracle/truffle/api/nodes/Node not found
[2023.01.15 16:00:25] (Coverage): Error during class instrumentation: com.oracle.truffle.js.nodes.function.BlockScopeNode$FrameBlockScopeNode: java.lang.RuntimeException: java.io.IOException: Class com/oracle/truffle/api/frame/MaterializedFrame not found
[2023.01.15 16:00:25] (Coverage): Error during class instrumentation: com.oracle.truffle.js.nodes.binary.JSTypeofIdenticalNodeGen: java.lang.RuntimeException: java.io.IOException: Class com/oracle/truffle/api/object/DynamicObject not found
[2023.01.15 16:00:25] (Coverage): Error during class instrumentation: com.oracle.truffle.js.nodes.unary.JSIsNullOrUndefinedNode: java.lang.RuntimeException: java.io.IOException: Class com/oracle/truffle/api/nodes/Node not found
[2023.01.15 16:00:25] (Coverage): Error during class instrumentation: com.oracle.truffle.js.nodes.unary.JSIsNullOrUndefinedNodeGen: java.lang.RuntimeException: java.io.IOException: Class com/oracle/truffle/api/nodes/Node not found
[2023.01.15 16:00:25] (Coverage): Error during class instrumentation: com.oracle.truffle.js.nodes.binary.JSLessOrEqualNodeGen: java.lang.RuntimeException: java.io.IOException: Class com/oracle/truffle/api/nodes/Node not found
[2023.01.15 16:00:25] (Coverage): Error during class instrumentation: com.oracle.truffle.js.nodes.cast.JSToInt32NodeGen: java.lang.RuntimeException: java.io.IOException: Class com/oracle/truffle/api/object/DynamicObject not found
[2023.01.15 16:00:25] (Coverage): Error during class instrumentation: com.oracle.truffle.js.nodes.binary.JSGreaterOrEqualNodeGen: java.lang.RuntimeException: java.io.IOException: Class com/oracle/truffle/api/nodes/Node not found
[2023.01.15 16:00:25] (Coverage): Error during class instrumentation: com.oracle.truffle.js.nodes.binary.JSEqualNodeGen: java.lang.RuntimeException: java.io.IOException: Class com/oracle/truffle/api/object/DynamicObject not found
[2023.01.15 16:00:25] (Coverage): Error during class instrumentation: com.oracle.truffle.js.nodes.binary.JSBitwiseAndNodeGen: java.lang.RuntimeException: java.io.IOException: Class com/oracle/truffle/api/nodes/Node not found
[2023.01.15 16:00:25] (Coverage): Error during class instrumentation: com.oracle.truffle.js.nodes.binary.JSRightShiftNodeGen: java.lang.RuntimeException: java.io.IOException: Class com/oracle/truffle/api/nodes/Node not found
[2023.01.15 16:00:25] (Coverage): Error during class instrumentation: com.oracle.truffle.js.nodes.access.HasPropertyCacheNode: java.lang.RuntimeException: java.io.IOException: Class com/oracle/truffle/api/object/DynamicObject not found
[2023.01.15 16:00:25] (Coverage): Error during class instrumentation: com.oracle.truffle.js.nodes.control.DeletePropertyNodeGen: java.lang.RuntimeException: java.io.IOException: Class com/oracle/truffle/api/strings/TruffleString not found
[2023.01.15 16:00:25] (Coverage): Error during class instrumentation: com.oracle.truffle.js.decorators.DefineMethodPropertyNode: java.lang.RuntimeException: java.io.IOException: Class com/oracle/truffle/api/object/DynamicObject not found
[2023.01.15 16:00:25] (Coverage): Error during class instrumentation: com.oracle.truffle.js.nodes.access.InitializeInstanceElementsNode: java.lang.RuntimeException: java.io.IOException: Class com/oracle/truffle/api/nodes/Node not found
[2023.01.15 16:00:25] (Coverage): Error during class instrumentation: com.oracle.truffle.js.decorators.ApplyDecoratorsToClassDefinitionNode: java.lang.RuntimeException: java.io.IOException: Class com/oracle/truffle/api/object/DynamicObject not found
[2023.01.15 16:00:25] (Coverage): Error during class instrumentation: com.oracle.truffle.js.decorators.ApplyDecoratorsToElementDefinitionNodeGen: java.lang.RuntimeException: java.io.IOException: Class com/oracle/truffle/api/nodes/Node not found
[2023.01.15 16:00:25] (Coverage): Error during class instrumentation: com.oracle.truffle.js.nodes.access.IteratorValueNode: java.lang.RuntimeException: java.io.IOException: Class com/oracle/truffle/api/interop/UnsupportedMessageException not found
[2023.01.15 16:00:25] (Coverage): Error during class instrumentation: com.oracle.truffle.js.nodes.access.IteratorCloseNode: java.lang.RuntimeException: java.io.IOException: Class com/oracle/truffle/api/exception/AbstractTruffleException not found
[2023.01.15 16:00:25] (Coverage): Error during class instrumentation: com.oracle.truffle.js.nodes.control.TryFinallyNode: java.lang.RuntimeException: java.io.IOException: Class com/oracle/truffle/api/exception/AbstractTruffleException not found
[2023.01.15 16:00:25] (Coverage): Error during class instrumentation: com.oracle.truffle.js.nodes.binary.JSLeftShiftNodeGen: java.lang.RuntimeException: java.io.IOException: Class com/oracle/truffle/api/nodes/Node not found
[2023.01.15 16:00:25] (Coverage): Error during class instrumentation: com.oracle.truffle.js.nodes.access.RequireObjectCoercibleNodeGen: java.lang.RuntimeException: java.io.IOException: Class com/oracle/truffle/api/nodes/Node not found
[2023.01.15 16:00:25] (Coverage): Error during class instrumentation: com.oracle.truffle.js.nodes.binary.JSExponentiateNodeGen: java.lang.RuntimeException: java.io.IOException: Class com/oracle/truffle/api/nodes/Node not found
[2023.01.15 16:00:25] (Coverage): Error during class instrumentation: com.oracle.truffle.js.nodes.function.SpecializedNewObjectNode: java.lang.RuntimeException: java.io.IOException: Class com/oracle/truffle/api/object/DynamicObject not found
[2023.01.15 16:00:25] (Coverage): Error during class instrumentation: com.oracle.truffle.js.nodes.function.SpecializedNewObjectNodeGen: java.lang.RuntimeException: java.io.IOException: Class com/oracle/truffle/api/object/DynamicObject not found
[2023.01.15 16:00:26] (Coverage): Error during class instrumentation: com.oracle.truffle.js.nodes.access.EnumerateNodeGen: java.lang.RuntimeException: java.io.IOException: Class com/oracle/truffle/api/object/DynamicObject not found
[2023.01.15 16:00:26] (Coverage): Error during class instrumentation: com.oracle.truffle.js.nodes.access.OptionalChainNode: java.lang.RuntimeException: java.io.IOException: Class com/oracle/truffle/api/object/DynamicObject not found
[2023.01.15 16:00:26] (Coverage): Error during class instrumentation: com.oracle.truffle.js.nodes.interop.ExportValueNodeGen: java.lang.RuntimeException: java.io.IOException: Class com/oracle/truffle/api/interop/TruffleObject not found
[2023.01.15 16:00:26] (Coverage): Error during class instrumentation: com.oracle.truffle.js.nodes.interop.ExportValueNodeGen$Uncached: java.lang.RuntimeException: java.io.IOException: Class com/oracle/truffle/api/interop/TruffleObject not found
[2023.01.15 16:00:26] (Coverage): Error during class instrumentation: com.oracle.truffle.js.nodes.access.JSHasPropertyNodeGen: java.lang.RuntimeException: java.io.IOException: Class com/oracle/truffle/api/nodes/Node not found
[2023.01.15 16:00:26] (Coverage): Error during class instrumentation: com.oracle.truffle.js.builtins.ObjectFunctionBuiltinsFactory$ObjectCreateNodeGen: java.lang.RuntimeException: java.io.IOException: Class com/oracle/truffle/api/nodes/Node not found
[2023.01.15 16:00:26] (Coverage): Error during class instrumentation: com.oracle.truffle.js.builtins.FunctionPrototypeBuiltins$CopyFunctionNameAndLengthNode: java.lang.RuntimeException: java.io.IOException: Class com/oracle/truffle/api/strings/TruffleString not found
[2023.01.15 16:00:26] (Coverage): Error during class instrumentation: com.oracle.truffle.js.builtins.JSConstructTypedArrayNodeGen: java.lang.RuntimeException: java.io.IOException: Class com/oracle/truffle/api/nodes/Node not found
[2023.01.15 16:00:26] (Coverage): Error during class instrumentation: com.oracle.truffle.js.runtime.builtins.JSArrayBufferObject$Interop: java.lang.RuntimeException: java.io.IOException: Class com/oracle/truffle/api/interop/UnsupportedMessageException not found
[2023.01.15 16:00:26] (Coverage): Error during class instrumentation: com.oracle.truffle.js.runtime.util.TRegexUtil$InteropReadMemberNode: java.lang.RuntimeException: java.io.IOException: Class com/oracle/truffle/api/interop/UnsupportedMessageException not found
[2023.01.15 16:00:26] (Coverage): Error during class instrumentation: com.oracle.truffle.js.runtime.util.TRegexUtilFactory$InteropReadMemberNodeGen: java.lang.RuntimeException: java.io.IOException: Class com/oracle/truffle/api/nodes/EncapsulatingNodeReference not found
[2023.01.15 16:00:26] (Coverage): Error during class instrumentation: com.oracle.truffle.regex.tregex.nodes.TRegexExecNode: java.lang.RuntimeException: java.io.IOException: Class com/oracle/truffle/api/exception/AbstractTruffleException not found
[2023.01.15 16:00:26] (Coverage): Error during class instrumentation: com.oracle.truffle.regex.tregex.nodes.input.InputReadNode: java.lang.RuntimeException: java.io.IOException: Class com/oracle/truffle/api/interop/InvalidArrayIndexException not found
[2023.01.15 16:00:26] (Coverage): Error during class instrumentation: com.oracle.truffle.regex.tregex.nodes.TRegexExecNode$LazyCaptureGroupRegexSearchNode: java.lang.RuntimeException: java.io.IOException: Class com/oracle/truffle/api/CallTarget not found
[2023.01.15 16:00:26] (Coverage): Error during class instrumentation: com.oracle.truffle.regex.tregex.nodes.TRegexExecutorEntryNodeGen: java.lang.RuntimeException: java.io.IOException: Class com/oracle/truffle/api/strings/TruffleString not found
[2023.01.15 16:00:26] (Coverage): Error during class instrumentation: com.oracle.truffle.js.builtins.ConstructorBuiltinsFactory$ConstructArrayNodeGen: java.lang.RuntimeException: java.io.IOException: Class com/oracle/truffle/api/nodes/Node not found
[2023.01.15 16:00:26] (Coverage): Error during class instrumentation: com.oracle.truffle.js.builtins.ConstructorBuiltins$ConstructWithNewTargetNode: java.lang.RuntimeException: java.io.IOException: Class com/oracle/truffle/api/object/DynamicObject not found
[2023.01.15 16:00:26] (Coverage): Error during class instrumentation: com.oracle.truffle.js.nodes.access.GetIteratorBaseNode: java.lang.RuntimeException: java.io.IOException: Class com/oracle/truffle/api/object/DynamicObject not found
[2023.01.15 16:00:26] (Coverage): Error during class instrumentation: org.graalvm.compiler.truffle.runtime.GraalFrameInstance: java.lang.RuntimeException: java.io.IOException: Class com/oracle/truffle/api/frame/Frame not found
[2023.01.15 16:00:26] (Coverage): Error during class instrumentation: com.oracle.truffle.js.nodes.access.EnumerableOwnPropertyNamesNode: java.lang.RuntimeException: java.io.IOException: Class com/oracle/truffle/api/interop/InvalidArrayIndexException not found
[2023.01.15 16:00:26] (Coverage): Error during class instrumentation: com.oracle.truffle.js.builtins.ArrayIteratorPrototypeBuiltins$ArrayIteratorNextNode: java.lang.RuntimeException: java.io.IOException: Class com/oracle/truffle/api/object/DynamicObject not found
[2023.01.15 16:00:26] (Coverage): Error during class instrumentation: com.oracle.truffle.js.nodes.array.JSGetLengthNodeGen: java.lang.RuntimeException: java.io.IOException: Class com/oracle/truffle/api/object/DynamicObject not found
[2023.01.15 16:00:26] (Coverage): Error during class instrumentation: com.oracle.truffle.js.builtins.ObjectFunctionBuiltinsFactory$ObjectGetOwnPropertyDescriptorNodeGen: java.lang.RuntimeException: java.io.IOException: Class com/oracle/truffle/api/object/DynamicObject not found
[2023.01.15 16:00:26] (Coverage): Error during class instrumentation: com.oracle.truffle.js.nodes.access.JSGetOwnPropertyNodeGen: java.lang.RuntimeException: java.io.IOException: Class com/oracle/truffle/api/nodes/Node not found
[2023.01.15 16:00:26] (Coverage): Error during class instrumentation: com.oracle.truffle.js.builtins.ArrayPrototypeBuiltinsFactory$JSArrayShiftNodeGen: java.lang.RuntimeException: java.io.IOException: Class com/oracle/truffle/api/nodes/Node not found
[2023.01.15 16:00:26] (Coverage): Error during class instrumentation: com.oracle.truffle.js.builtins.ArrayPrototypeBuiltins$JSArrayShiftNode: java.lang.RuntimeException: java.io.IOException: Class com/oracle/truffle/api/interop/InvalidArrayIndexException not found
[2023.01.15 16:00:26] (Coverage): Error during class instrumentation: com.oracle.truffle.js.builtins.ArrayPrototypeBuiltins$BasicArrayOperation: java.lang.RuntimeException: java.io.IOException: Class com/oracle/truffle/api/object/DynamicObject not found
[2023.01.15 16:00:26] (Coverage): Error during class instrumentation: com.oracle.truffle.js.builtins.ArrayPrototypeBuiltins$ArraySpeciesConstructorNode: java.lang.RuntimeException: java.io.IOException: Class com/oracle/truffle/api/object/DynamicObject not found
[2023.01.15 16:00:26] (Coverage): Error during class instrumentation: com.oracle.truffle.js.nodes.function.NewTargetRootNode$InsertNewTargetRootNode: java.lang.RuntimeException: java.io.IOException: Class com/oracle/truffle/api/object/DynamicObject not found
</pre>
</span>
</div>
</div>
<div id="footer">
<p>
<div>
<label class="hidden" id="label-for-line-wrapping-toggle" for="line-wrapping-toggle">Wrap lines
<input id="line-wrapping-toggle" type="checkbox" autocomplete="off"/>
</label>
</div>Generated by 
<a href="http://www.gradle.org">Gradle 7.6</a> at Jan 15, 2023, 4:38:05 PM</p>
</div>
</div>
</body>
</html>
